#
# There is insufficient memory for the Java Runtime Environment to continue.
# Native memory allocation (malloc) failed to allocate 1006256 bytes. Error detail: Chunk::new
# Possible reasons:
#   The system is out of physical RAM or swap space
#   This process is running with CompressedOops enabled, and the Java Heap may be blocking the growth of the native heap
# Possible solutions:
#   Reduce memory load on the system
#   Increase physical memory or swap space
#   Check if swap backing store is full
#   Decrease Java heap size (-Xmx/-Xms)
#   Decrease number of Java threads
#   Decrease Java thread stack sizes (-Xss)
#   Set larger code cache with -XX:ReservedCodeCacheSize=
#   JVM is running with Unscaled Compressed Oops mode in which the Java heap is
#     placed in the first 4GB address space. The Java Heap base address is the
#     maximum limit for the native heap growth. Please use -XX:HeapBaseMinAddress
#     to set the Java Heap base and to place the Java Heap above 4GB virtual address.
# This output file may be truncated or incomplete.
#
#  Out of Memory Error (arena.cpp:168), pid=83604, tid=25776
#
# JRE version: OpenJDK Runtime Environment Temurin-21.0.6+7 (21.0.6+7) (build 21.0.6+7-LTS)
# Java VM: OpenJDK 64-Bit Server VM Temurin-21.0.6+7 (21.0.6+7-LTS, mixed mode, sharing, tiered, compressed oops, compressed class ptrs, g1 gc, windows-amd64)
# No core dump will be written. Minidumps are not enabled by default on client versions of Windows
#

---------------  S U M M A R Y ------------

Command Line: --add-opens=java.base/java.util=ALL-UNNAMED --add-opens=java.base/java.lang=ALL-UNNAMED --add-opens=java.base/java.lang.invoke=ALL-UNNAMED --add-opens=java.prefs/java.util.prefs=ALL-UNNAMED --add-opens=java.base/java.nio.charset=ALL-UNNAMED --add-opens=java.base/java.net=ALL-UNNAMED --add-opens=java.base/java.util.concurrent.atomic=ALL-UNNAMED -Xmx2048m -Dfile.encoding=UTF-8 -Duser.country=CN -Duser.language=zh -Duser.variant -javaagent:C:\Users\jin_m\.gradle\wrapper\dists\gradle-8.7-bin\bhs2wmbdwecv87pi65oeuq5iu\gradle-8.7\lib\agents\gradle-instrumentation-agent-8.7.jar org.gradle.launcher.daemon.bootstrap.GradleDaemon 8.7

Host: 13th Gen Intel(R) Core(TM) i9-13900HX, 32 cores, 15G,  Windows 11 , 64 bit Build 22621 (10.0.22621.5124)
Time: Sun May 11 14:05:26 2025  Windows 11 , 64 bit Build 22621 (10.0.22621.5124) elapsed time: 2.171261 seconds (0d 0h 0m 2s)

---------------  T H R E A D  ---------------

Current thread (0x0000016bac835e90):  JavaThread "C2 CompilerThread0" daemon [_thread_in_native, id=25776, stack(0x0000003bd6e00000,0x0000003bd6f00000) (1024K)]


Current CompileTask:
C2:2171 3029       4       java.lang.invoke.MethodType::makeImpl (109 bytes)

Stack: [0x0000003bd6e00000,0x0000003bd6f00000]
Native frames: (J=compiled Java code, j=interpreted, Vv=VM code, C=native code)
V  [jvm.dll+0x6cdee9]
V  [jvm.dll+0x8a83d1]
V  [jvm.dll+0x8aa8fe]
V  [jvm.dll+0x8aafe3]
V  [jvm.dll+0x27f706]
V  [jvm.dll+0xc500d]
V  [jvm.dll+0xc5543]
V  [jvm.dll+0x2f2acd]
V  [jvm.dll+0x5f6a2a]
V  [jvm.dll+0x250bb2]
V  [jvm.dll+0x249526]
V  [jvm.dll+0x246ec4]
V  [jvm.dll+0x1c75ee]
V  [jvm.dll+0x25685a]
V  [jvm.dll+0x254dfa]
V  [jvm.dll+0x3f0256]
V  [jvm.dll+0x851f8b]
V  [jvm.dll+0x6cc5ed]
C  [ucrtbase.dll+0x29333]
C  [KERNEL32.DLL+0x1259d]
C  [ntdll.dll+0x5af38]


---------------  P R O C E S S  ---------------

Threads class SMR info:
_java_thread_list=0x0000016bf3b93c20, length=28, elements={
0x0000016b92ec3a30, 0x0000016bac82b750, 0x0000016bac82c710, 0x0000016bac82edc0,
0x0000016bac831a50, 0x0000016bac833070, 0x0000016bac833da0, 0x0000016bac835e90,
0x0000016bac836ad0, 0x0000016bac8f0d90, 0x0000016bac918370, 0x0000016bac9a4f10,
0x0000016bac9a5b60, 0x0000016bacb3ba50, 0x0000016bf2c056d0, 0x0000016bf3a7bc20,
0x0000016bf346b120, 0x0000016bf31ea310, 0x0000016bf38b7b40, 0x0000016bf38b81a0,
0x0000016bf34140f0, 0x0000016bf3489fa0, 0x0000016bf348a600, 0x0000016bf33a0c50,
0x0000016bf339ff30, 0x0000016bf33a05c0, 0x0000016bf339f8a0, 0x0000016bf339f210
}

Java Threads: ( => current thread )
  0x0000016b92ec3a30 JavaThread "main"                              [_thread_blocked, id=38824, stack(0x0000003bd6000000,0x0000003bd6100000) (1024K)]
  0x0000016bac82b750 JavaThread "Reference Handler"          daemon [_thread_blocked, id=52636, stack(0x0000003bd6800000,0x0000003bd6900000) (1024K)]
  0x0000016bac82c710 JavaThread "Finalizer"                  daemon [_thread_blocked, id=39176, stack(0x0000003bd6900000,0x0000003bd6a00000) (1024K)]
  0x0000016bac82edc0 JavaThread "Signal Dispatcher"          daemon [_thread_blocked, id=85004, stack(0x0000003bd6a00000,0x0000003bd6b00000) (1024K)]
  0x0000016bac831a50 JavaThread "Attach Listener"            daemon [_thread_blocked, id=20660, stack(0x0000003bd6b00000,0x0000003bd6c00000) (1024K)]
  0x0000016bac833070 JavaThread "Service Thread"             daemon [_thread_blocked, id=1772, stack(0x0000003bd6c00000,0x0000003bd6d00000) (1024K)]
  0x0000016bac833da0 JavaThread "Monitor Deflation Thread"   daemon [_thread_blocked, id=39292, stack(0x0000003bd6d00000,0x0000003bd6e00000) (1024K)]
=>0x0000016bac835e90 JavaThread "C2 CompilerThread0"         daemon [_thread_in_native, id=25776, stack(0x0000003bd6e00000,0x0000003bd6f00000) (1024K)]
  0x0000016bac836ad0 JavaThread "C1 CompilerThread0"         daemon [_thread_blocked, id=81144, stack(0x0000003bd6f00000,0x0000003bd7000000) (1024K)]
  0x0000016bac8f0d90 JavaThread "C1 CompilerThread1"         daemon [_thread_blocked, id=25552, stack(0x0000003bd7000000,0x0000003bd7100000) (1024K)]
  0x0000016bac918370 JavaThread "Common-Cleaner"             daemon [_thread_blocked, id=17544, stack(0x0000003bd7100000,0x0000003bd7200000) (1024K)]
  0x0000016bac9a4f10 JavaThread "C1 CompilerThread2"         daemon [_thread_blocked, id=38272, stack(0x0000003bd7200000,0x0000003bd7300000) (1024K)]
  0x0000016bac9a5b60 JavaThread "C1 CompilerThread3"         daemon [_thread_blocked, id=75964, stack(0x0000003bd7300000,0x0000003bd7400000) (1024K)]
  0x0000016bacb3ba50 JavaThread "Notification Thread"        daemon [_thread_blocked, id=26704, stack(0x0000003bd7400000,0x0000003bd7500000) (1024K)]
  0x0000016bf2c056d0 JavaThread "C1 CompilerThread4"         daemon [_thread_blocked, id=71164, stack(0x0000003bd7b00000,0x0000003bd7c00000) (1024K)]
  0x0000016bf3a7bc20 JavaThread "Daemon health stats"               [_thread_blocked, id=26492, stack(0x0000003bd7c00000,0x0000003bd7d00000) (1024K)]
  0x0000016bf346b120 JavaThread "Incoming local TCP Connector on port 5912"        [_thread_in_native, id=76556, stack(0x0000003bd7d00000,0x0000003bd7e00000) (1024K)]
  0x0000016bf31ea310 JavaThread "Daemon periodic checks"            [_thread_blocked, id=64276, stack(0x0000003bd7e00000,0x0000003bd7f00000) (1024K)]
  0x0000016bf38b7b40 JavaThread "Daemon"                            [_thread_blocked, id=55440, stack(0x0000003bd7f00000,0x0000003bd8000000) (1024K)]
  0x0000016bf38b81a0 JavaThread "Handler for socket connection from /127.0.0.1:5912 to /127.0.0.1:5913"        [_thread_in_native, id=50124, stack(0x0000003bd8000000,0x0000003bd8100000) (1024K)]
  0x0000016bf34140f0 JavaThread "Cancel handler"                    [_thread_blocked, id=29484, stack(0x0000003bd8100000,0x0000003bd8200000) (1024K)]
  0x0000016bf3489fa0 JavaThread "Daemon worker"                     [_thread_in_vm, id=66540, stack(0x0000003bd8200000,0x0000003bd8300000) (1024K)]
  0x0000016bf348a600 JavaThread "Asynchronous log dispatcher for DefaultDaemonConnection: socket connection from /127.0.0.1:5912 to /127.0.0.1:5913"        [_thread_blocked, id=65404, stack(0x0000003bd8300000,0x0000003bd8400000) (1024K)]
  0x0000016bf33a0c50 JavaThread "Stdin handler"                     [_thread_blocked, id=76500, stack(0x0000003bd8400000,0x0000003bd8500000) (1024K)]
  0x0000016bf339ff30 JavaThread "Daemon client event forwarder"        [_thread_blocked, id=5528, stack(0x0000003bd8500000,0x0000003bd8600000) (1024K)]
  0x0000016bf33a05c0 JavaThread "Cache worker for journal cache (C:\Users\jin_m\.gradle\caches\journal-1)"        [_thread_blocked, id=54240, stack(0x0000003bd8600000,0x0000003bd8700000) (1024K)]
  0x0000016bf339f8a0 JavaThread "File lock request listener"        [_thread_in_native, id=73120, stack(0x0000003bd8700000,0x0000003bd8800000) (1024K)]
  0x0000016bf339f210 JavaThread "Cache worker for file hash cache (C:\Users\jin_m\.gradle\caches\8.7\fileHashes)"        [_thread_blocked, id=56200, stack(0x0000003bd7500000,0x0000003bd7600000) (1024K)]
Total: 28

Other Threads:
  0x0000016babe02000 VMThread "VM Thread"                           [id=92956, stack(0x0000003bd6700000,0x0000003bd6800000) (1024K)]
  0x0000016bac821060 WatcherThread "VM Periodic Task Thread"        [id=24296, stack(0x0000003bd6600000,0x0000003bd6700000) (1024K)]
  0x0000016b92f1e9a0 WorkerThread "GC Thread#0"                     [id=55116, stack(0x0000003bd6100000,0x0000003bd6200000) (1024K)]
  0x0000016bf212dc10 WorkerThread "GC Thread#1"                     [id=66812, stack(0x0000003bd7600000,0x0000003bd7700000) (1024K)]
  0x0000016bf29424f0 WorkerThread "GC Thread#2"                     [id=14464, stack(0x0000003bd7700000,0x0000003bd7800000) (1024K)]
  0x0000016bf2942890 WorkerThread "GC Thread#3"                     [id=72160, stack(0x0000003bd7800000,0x0000003bd7900000) (1024K)]
  0x0000016bf2942c30 WorkerThread "GC Thread#4"                     [id=2096, stack(0x0000003bd7900000,0x0000003bd7a00000) (1024K)]
  0x0000016bf27accb0 WorkerThread "GC Thread#5"                     [id=58260, stack(0x0000003bd7a00000,0x0000003bd7b00000) (1024K)]
  0x0000016b92f30390 ConcurrentGCThread "G1 Main Marker"            [id=556, stack(0x0000003bd6200000,0x0000003bd6300000) (1024K)]
  0x0000016b92f30e90 WorkerThread "G1 Conc#0"                       [id=52280, stack(0x0000003bd6300000,0x0000003bd6400000) (1024K)]
  0x0000016babd450e0 ConcurrentGCThread "G1 Refine#0"               [id=85072, stack(0x0000003bd6400000,0x0000003bd6500000) (1024K)]
  0x0000016babd45c50 ConcurrentGCThread "G1 Service"                [id=80824, stack(0x0000003bd6500000,0x0000003bd6600000) (1024K)]
Total: 12

Threads with active compile tasks:
C2 CompilerThread0  2192 3029       4       java.lang.invoke.MethodType::makeImpl (109 bytes)
Total: 1

VM state: not at safepoint (normal execution)

VM Mutex/Monitor currently owned by a thread: None

Heap address: 0x0000000080000000, size: 2048 MB, Compressed Oops mode: 32-bit

CDS archive(s) mapped at: [0x0000016bad000000-0x0000016badba0000-0x0000016badba0000), size 12189696, SharedBaseAddress: 0x0000016bad000000, ArchiveRelocationMode: 1.
Compressed class space mapped at: 0x0000016bae000000-0x0000016bee000000, reserved size: 1073741824
Narrow klass base: 0x0000016bad000000, Narrow klass shift: 0, Narrow klass range: 0x100000000

GC Precious Log:
 CardTable entry size: 512
 Card Set container configuration: InlinePtr #cards 5 size 8 Array Of Cards #cards 12 size 40 Howl #buckets 4 coarsen threshold 1843 Howl Bitmap #cards 512 size 80 coarsen threshold 460 Card regions per heap region 1 cards per card region 2048
 CPUs: 32 total, 32 available
 Memory: 16077M
 Large Page Support: Disabled
 NUMA Support: Disabled
 Compressed Oops: Enabled (32-bit)
 Heap Region Size: 1M
 Heap Min Capacity: 8M
 Heap Initial Capacity: 252M
 Heap Max Capacity: 2G
 Pre-touch: Disabled
 Parallel Workers: 23
 Concurrent Workers: 6
 Concurrent Refinement Workers: 23
 Periodic GC: Disabled

Heap:
 garbage-first heap   total 258048K, used 116335K [0x0000000080000000, 0x0000000100000000)
  region size 1024K, 104 young (106496K), 1 survivors (1024K)
 Metaspace       used 20435K, committed 21056K, reserved 1114112K
  class space    used 2923K, committed 3200K, reserved 1048576K

Heap Regions: E=young(eden), S=young(survivor), O=old, HS=humongous(starts), HC=humongous(continues), CS=collection set, F=free, TAMS=top-at-mark-start, PB=parsable bottom
|   0|0x0000000080000000, 0x0000000080100000, 0x0000000080100000|100%|HS|  |TAMS 0x0000000080000000| PB 0x0000000080000000| Complete 
|   1|0x0000000080100000, 0x0000000080200000, 0x0000000080200000|100%|HC|  |TAMS 0x0000000080100000| PB 0x0000000080100000| Complete 
|   2|0x0000000080200000, 0x0000000080300000, 0x0000000080300000|100%|HC|  |TAMS 0x0000000080200000| PB 0x0000000080200000| Complete 
|   3|0x0000000080300000, 0x0000000080400000, 0x0000000080400000|100%|HC|  |TAMS 0x0000000080300000| PB 0x0000000080300000| Complete 
|   4|0x0000000080400000, 0x0000000080500000, 0x0000000080500000|100%| O|  |TAMS 0x0000000080400000| PB 0x0000000080400000| Untracked 
|   5|0x0000000080500000, 0x0000000080600000, 0x0000000080600000|100%| O|  |TAMS 0x0000000080500000| PB 0x0000000080500000| Untracked 
|   6|0x0000000080600000, 0x0000000080700000, 0x0000000080700000|100%| O|  |TAMS 0x0000000080600000| PB 0x0000000080600000| Untracked 
|   7|0x0000000080700000, 0x0000000080800000, 0x0000000080800000|100%| O|  |TAMS 0x0000000080700000| PB 0x0000000080700000| Untracked 
|   8|0x0000000080800000, 0x0000000080900000, 0x0000000080900000|100%| O|  |TAMS 0x0000000080800000| PB 0x0000000080800000| Untracked 
|   9|0x0000000080900000, 0x0000000080a00000, 0x0000000080a00000|100%| O|  |TAMS 0x0000000080900000| PB 0x0000000080900000| Untracked 
|  10|0x0000000080a00000, 0x0000000080aaa270, 0x0000000080b00000| 66%| O|  |TAMS 0x0000000080a00000| PB 0x0000000080a00000| Untracked 
|  11|0x0000000080b00000, 0x0000000080c00000, 0x0000000080c00000|100%|HS|  |TAMS 0x0000000080b00000| PB 0x0000000080b00000| Complete 
|  12|0x0000000080c00000, 0x0000000080c00000, 0x0000000080d00000|  0%| F|  |TAMS 0x0000000080c00000| PB 0x0000000080c00000| Untracked 
|  13|0x0000000080d00000, 0x0000000080d00000, 0x0000000080e00000|  0%| F|  |TAMS 0x0000000080d00000| PB 0x0000000080d00000| Untracked 
|  14|0x0000000080e00000, 0x0000000080e00000, 0x0000000080f00000|  0%| F|  |TAMS 0x0000000080e00000| PB 0x0000000080e00000| Untracked 
|  15|0x0000000080f00000, 0x0000000080f00000, 0x0000000081000000|  0%| F|  |TAMS 0x0000000080f00000| PB 0x0000000080f00000| Untracked 
|  16|0x0000000081000000, 0x0000000081000000, 0x0000000081100000|  0%| F|  |TAMS 0x0000000081000000| PB 0x0000000081000000| Untracked 
|  17|0x0000000081100000, 0x0000000081100000, 0x0000000081200000|  0%| F|  |TAMS 0x0000000081100000| PB 0x0000000081100000| Untracked 
|  18|0x0000000081200000, 0x0000000081200000, 0x0000000081300000|  0%| F|  |TAMS 0x0000000081200000| PB 0x0000000081200000| Untracked 
|  19|0x0000000081300000, 0x0000000081300000, 0x0000000081400000|  0%| F|  |TAMS 0x0000000081300000| PB 0x0000000081300000| Untracked 
|  20|0x0000000081400000, 0x0000000081400000, 0x0000000081500000|  0%| F|  |TAMS 0x0000000081400000| PB 0x0000000081400000| Untracked 
|  21|0x0000000081500000, 0x0000000081500000, 0x0000000081600000|  0%| F|  |TAMS 0x0000000081500000| PB 0x0000000081500000| Untracked 
|  22|0x0000000081600000, 0x0000000081600000, 0x0000000081700000|  0%| F|  |TAMS 0x0000000081600000| PB 0x0000000081600000| Untracked 
|  23|0x0000000081700000, 0x0000000081700000, 0x0000000081800000|  0%| F|  |TAMS 0x0000000081700000| PB 0x0000000081700000| Untracked 
|  24|0x0000000081800000, 0x0000000081800000, 0x0000000081900000|  0%| F|  |TAMS 0x0000000081800000| PB 0x0000000081800000| Untracked 
|  25|0x0000000081900000, 0x0000000081900000, 0x0000000081a00000|  0%| F|  |TAMS 0x0000000081900000| PB 0x0000000081900000| Untracked 
|  26|0x0000000081a00000, 0x0000000081a00000, 0x0000000081b00000|  0%| F|  |TAMS 0x0000000081a00000| PB 0x0000000081a00000| Untracked 
|  27|0x0000000081b00000, 0x0000000081b00000, 0x0000000081c00000|  0%| F|  |TAMS 0x0000000081b00000| PB 0x0000000081b00000| Untracked 
|  28|0x0000000081c00000, 0x0000000081c00000, 0x0000000081d00000|  0%| F|  |TAMS 0x0000000081c00000| PB 0x0000000081c00000| Untracked 
|  29|0x0000000081d00000, 0x0000000081d00000, 0x0000000081e00000|  0%| F|  |TAMS 0x0000000081d00000| PB 0x0000000081d00000| Untracked 
|  30|0x0000000081e00000, 0x0000000081e00000, 0x0000000081f00000|  0%| F|  |TAMS 0x0000000081e00000| PB 0x0000000081e00000| Untracked 
|  31|0x0000000081f00000, 0x0000000081f00000, 0x0000000082000000|  0%| F|  |TAMS 0x0000000081f00000| PB 0x0000000081f00000| Untracked 
|  32|0x0000000082000000, 0x0000000082000000, 0x0000000082100000|  0%| F|  |TAMS 0x0000000082000000| PB 0x0000000082000000| Untracked 
|  33|0x0000000082100000, 0x0000000082100000, 0x0000000082200000|  0%| F|  |TAMS 0x0000000082100000| PB 0x0000000082100000| Untracked 
|  34|0x0000000082200000, 0x0000000082200000, 0x0000000082300000|  0%| F|  |TAMS 0x0000000082200000| PB 0x0000000082200000| Untracked 
|  35|0x0000000082300000, 0x0000000082300000, 0x0000000082400000|  0%| F|  |TAMS 0x0000000082300000| PB 0x0000000082300000| Untracked 
|  36|0x0000000082400000, 0x0000000082400000, 0x0000000082500000|  0%| F|  |TAMS 0x0000000082400000| PB 0x0000000082400000| Untracked 
|  37|0x0000000082500000, 0x0000000082500000, 0x0000000082600000|  0%| F|  |TAMS 0x0000000082500000| PB 0x0000000082500000| Untracked 
|  38|0x0000000082600000, 0x0000000082600000, 0x0000000082700000|  0%| F|  |TAMS 0x0000000082600000| PB 0x0000000082600000| Untracked 
|  39|0x0000000082700000, 0x0000000082700000, 0x0000000082800000|  0%| F|  |TAMS 0x0000000082700000| PB 0x0000000082700000| Untracked 
|  40|0x0000000082800000, 0x0000000082800000, 0x0000000082900000|  0%| F|  |TAMS 0x0000000082800000| PB 0x0000000082800000| Untracked 
|  41|0x0000000082900000, 0x0000000082900000, 0x0000000082a00000|  0%| F|  |TAMS 0x0000000082900000| PB 0x0000000082900000| Untracked 
|  42|0x0000000082a00000, 0x0000000082a00000, 0x0000000082b00000|  0%| F|  |TAMS 0x0000000082a00000| PB 0x0000000082a00000| Untracked 
|  43|0x0000000082b00000, 0x0000000082b00000, 0x0000000082c00000|  0%| F|  |TAMS 0x0000000082b00000| PB 0x0000000082b00000| Untracked 
|  44|0x0000000082c00000, 0x0000000082c00000, 0x0000000082d00000|  0%| F|  |TAMS 0x0000000082c00000| PB 0x0000000082c00000| Untracked 
|  45|0x0000000082d00000, 0x0000000082d00000, 0x0000000082e00000|  0%| F|  |TAMS 0x0000000082d00000| PB 0x0000000082d00000| Untracked 
|  46|0x0000000082e00000, 0x0000000082e00000, 0x0000000082f00000|  0%| F|  |TAMS 0x0000000082e00000| PB 0x0000000082e00000| Untracked 
|  47|0x0000000082f00000, 0x0000000082f00000, 0x0000000083000000|  0%| F|  |TAMS 0x0000000082f00000| PB 0x0000000082f00000| Untracked 
|  48|0x0000000083000000, 0x0000000083000000, 0x0000000083100000|  0%| F|  |TAMS 0x0000000083000000| PB 0x0000000083000000| Untracked 
|  49|0x0000000083100000, 0x0000000083100000, 0x0000000083200000|  0%| F|  |TAMS 0x0000000083100000| PB 0x0000000083100000| Untracked 
|  50|0x0000000083200000, 0x0000000083200000, 0x0000000083300000|  0%| F|  |TAMS 0x0000000083200000| PB 0x0000000083200000| Untracked 
|  51|0x0000000083300000, 0x0000000083300000, 0x0000000083400000|  0%| F|  |TAMS 0x0000000083300000| PB 0x0000000083300000| Untracked 
|  52|0x0000000083400000, 0x0000000083400000, 0x0000000083500000|  0%| F|  |TAMS 0x0000000083400000| PB 0x0000000083400000| Untracked 
|  53|0x0000000083500000, 0x0000000083500000, 0x0000000083600000|  0%| F|  |TAMS 0x0000000083500000| PB 0x0000000083500000| Untracked 
|  54|0x0000000083600000, 0x0000000083600000, 0x0000000083700000|  0%| F|  |TAMS 0x0000000083600000| PB 0x0000000083600000| Untracked 
|  55|0x0000000083700000, 0x0000000083700000, 0x0000000083800000|  0%| F|  |TAMS 0x0000000083700000| PB 0x0000000083700000| Untracked 
|  56|0x0000000083800000, 0x0000000083800000, 0x0000000083900000|  0%| F|  |TAMS 0x0000000083800000| PB 0x0000000083800000| Untracked 
|  57|0x0000000083900000, 0x0000000083900000, 0x0000000083a00000|  0%| F|  |TAMS 0x0000000083900000| PB 0x0000000083900000| Untracked 
|  58|0x0000000083a00000, 0x0000000083a00000, 0x0000000083b00000|  0%| F|  |TAMS 0x0000000083a00000| PB 0x0000000083a00000| Untracked 
|  59|0x0000000083b00000, 0x0000000083b00000, 0x0000000083c00000|  0%| F|  |TAMS 0x0000000083b00000| PB 0x0000000083b00000| Untracked 
|  60|0x0000000083c00000, 0x0000000083c00000, 0x0000000083d00000|  0%| F|  |TAMS 0x0000000083c00000| PB 0x0000000083c00000| Untracked 
|  61|0x0000000083d00000, 0x0000000083d00000, 0x0000000083e00000|  0%| F|  |TAMS 0x0000000083d00000| PB 0x0000000083d00000| Untracked 
|  62|0x0000000083e00000, 0x0000000083e00000, 0x0000000083f00000|  0%| F|  |TAMS 0x0000000083e00000| PB 0x0000000083e00000| Untracked 
|  63|0x0000000083f00000, 0x0000000083f00000, 0x0000000084000000|  0%| F|  |TAMS 0x0000000083f00000| PB 0x0000000083f00000| Untracked 
|  64|0x0000000084000000, 0x0000000084000000, 0x0000000084100000|  0%| F|  |TAMS 0x0000000084000000| PB 0x0000000084000000| Untracked 
|  65|0x0000000084100000, 0x0000000084100000, 0x0000000084200000|  0%| F|  |TAMS 0x0000000084100000| PB 0x0000000084100000| Untracked 
|  66|0x0000000084200000, 0x0000000084200000, 0x0000000084300000|  0%| F|  |TAMS 0x0000000084200000| PB 0x0000000084200000| Untracked 
|  67|0x0000000084300000, 0x0000000084300000, 0x0000000084400000|  0%| F|  |TAMS 0x0000000084300000| PB 0x0000000084300000| Untracked 
|  68|0x0000000084400000, 0x0000000084400000, 0x0000000084500000|  0%| F|  |TAMS 0x0000000084400000| PB 0x0000000084400000| Untracked 
|  69|0x0000000084500000, 0x0000000084500000, 0x0000000084600000|  0%| F|  |TAMS 0x0000000084500000| PB 0x0000000084500000| Untracked 
|  70|0x0000000084600000, 0x0000000084600000, 0x0000000084700000|  0%| F|  |TAMS 0x0000000084600000| PB 0x0000000084600000| Untracked 
|  71|0x0000000084700000, 0x0000000084700000, 0x0000000084800000|  0%| F|  |TAMS 0x0000000084700000| PB 0x0000000084700000| Untracked 
|  72|0x0000000084800000, 0x0000000084800000, 0x0000000084900000|  0%| F|  |TAMS 0x0000000084800000| PB 0x0000000084800000| Untracked 
|  73|0x0000000084900000, 0x0000000084900000, 0x0000000084a00000|  0%| F|  |TAMS 0x0000000084900000| PB 0x0000000084900000| Untracked 
|  74|0x0000000084a00000, 0x0000000084a00000, 0x0000000084b00000|  0%| F|  |TAMS 0x0000000084a00000| PB 0x0000000084a00000| Untracked 
|  75|0x0000000084b00000, 0x0000000084b00000, 0x0000000084c00000|  0%| F|  |TAMS 0x0000000084b00000| PB 0x0000000084b00000| Untracked 
|  76|0x0000000084c00000, 0x0000000084c00000, 0x0000000084d00000|  0%| F|  |TAMS 0x0000000084c00000| PB 0x0000000084c00000| Untracked 
|  77|0x0000000084d00000, 0x0000000084d00000, 0x0000000084e00000|  0%| F|  |TAMS 0x0000000084d00000| PB 0x0000000084d00000| Untracked 
|  78|0x0000000084e00000, 0x0000000084e00000, 0x0000000084f00000|  0%| F|  |TAMS 0x0000000084e00000| PB 0x0000000084e00000| Untracked 
|  79|0x0000000084f00000, 0x0000000084f00000, 0x0000000085000000|  0%| F|  |TAMS 0x0000000084f00000| PB 0x0000000084f00000| Untracked 
|  80|0x0000000085000000, 0x0000000085000000, 0x0000000085100000|  0%| F|  |TAMS 0x0000000085000000| PB 0x0000000085000000| Untracked 
|  81|0x0000000085100000, 0x0000000085100000, 0x0000000085200000|  0%| F|  |TAMS 0x0000000085100000| PB 0x0000000085100000| Untracked 
|  82|0x0000000085200000, 0x0000000085200000, 0x0000000085300000|  0%| F|  |TAMS 0x0000000085200000| PB 0x0000000085200000| Untracked 
|  83|0x0000000085300000, 0x0000000085300000, 0x0000000085400000|  0%| F|  |TAMS 0x0000000085300000| PB 0x0000000085300000| Untracked 
|  84|0x0000000085400000, 0x0000000085400000, 0x0000000085500000|  0%| F|  |TAMS 0x0000000085400000| PB 0x0000000085400000| Untracked 
|  85|0x0000000085500000, 0x0000000085500000, 0x0000000085600000|  0%| F|  |TAMS 0x0000000085500000| PB 0x0000000085500000| Untracked 
|  86|0x0000000085600000, 0x0000000085600000, 0x0000000085700000|  0%| F|  |TAMS 0x0000000085600000| PB 0x0000000085600000| Untracked 
|  87|0x0000000085700000, 0x0000000085700000, 0x0000000085800000|  0%| F|  |TAMS 0x0000000085700000| PB 0x0000000085700000| Untracked 
|  88|0x0000000085800000, 0x0000000085800000, 0x0000000085900000|  0%| F|  |TAMS 0x0000000085800000| PB 0x0000000085800000| Untracked 
|  89|0x0000000085900000, 0x0000000085900000, 0x0000000085a00000|  0%| F|  |TAMS 0x0000000085900000| PB 0x0000000085900000| Untracked 
|  90|0x0000000085a00000, 0x0000000085a00000, 0x0000000085b00000|  0%| F|  |TAMS 0x0000000085a00000| PB 0x0000000085a00000| Untracked 
|  91|0x0000000085b00000, 0x0000000085b00000, 0x0000000085c00000|  0%| F|  |TAMS 0x0000000085b00000| PB 0x0000000085b00000| Untracked 
|  92|0x0000000085c00000, 0x0000000085c00000, 0x0000000085d00000|  0%| F|  |TAMS 0x0000000085c00000| PB 0x0000000085c00000| Untracked 
|  93|0x0000000085d00000, 0x0000000085d00000, 0x0000000085e00000|  0%| F|  |TAMS 0x0000000085d00000| PB 0x0000000085d00000| Untracked 
|  94|0x0000000085e00000, 0x0000000085e00000, 0x0000000085f00000|  0%| F|  |TAMS 0x0000000085e00000| PB 0x0000000085e00000| Untracked 
|  95|0x0000000085f00000, 0x0000000085f00000, 0x0000000086000000|  0%| F|  |TAMS 0x0000000085f00000| PB 0x0000000085f00000| Untracked 
|  96|0x0000000086000000, 0x0000000086000000, 0x0000000086100000|  0%| F|  |TAMS 0x0000000086000000| PB 0x0000000086000000| Untracked 
|  97|0x0000000086100000, 0x0000000086100000, 0x0000000086200000|  0%| F|  |TAMS 0x0000000086100000| PB 0x0000000086100000| Untracked 
|  98|0x0000000086200000, 0x0000000086200000, 0x0000000086300000|  0%| F|  |TAMS 0x0000000086200000| PB 0x0000000086200000| Untracked 
|  99|0x0000000086300000, 0x0000000086300000, 0x0000000086400000|  0%| F|  |TAMS 0x0000000086300000| PB 0x0000000086300000| Untracked 
| 100|0x0000000086400000, 0x0000000086400000, 0x0000000086500000|  0%| F|  |TAMS 0x0000000086400000| PB 0x0000000086400000| Untracked 
| 101|0x0000000086500000, 0x0000000086500000, 0x0000000086600000|  0%| F|  |TAMS 0x0000000086500000| PB 0x0000000086500000| Untracked 
| 102|0x0000000086600000, 0x0000000086600000, 0x0000000086700000|  0%| F|  |TAMS 0x0000000086600000| PB 0x0000000086600000| Untracked 
| 103|0x0000000086700000, 0x0000000086700000, 0x0000000086800000|  0%| F|  |TAMS 0x0000000086700000| PB 0x0000000086700000| Untracked 
| 104|0x0000000086800000, 0x0000000086800000, 0x0000000086900000|  0%| F|  |TAMS 0x0000000086800000| PB 0x0000000086800000| Untracked 
| 105|0x0000000086900000, 0x0000000086900000, 0x0000000086a00000|  0%| F|  |TAMS 0x0000000086900000| PB 0x0000000086900000| Untracked 
| 106|0x0000000086a00000, 0x0000000086a00000, 0x0000000086b00000|  0%| F|  |TAMS 0x0000000086a00000| PB 0x0000000086a00000| Untracked 
| 107|0x0000000086b00000, 0x0000000086b00000, 0x0000000086c00000|  0%| F|  |TAMS 0x0000000086b00000| PB 0x0000000086b00000| Untracked 
| 108|0x0000000086c00000, 0x0000000086c00000, 0x0000000086d00000|  0%| F|  |TAMS 0x0000000086c00000| PB 0x0000000086c00000| Untracked 
| 109|0x0000000086d00000, 0x0000000086d00000, 0x0000000086e00000|  0%| F|  |TAMS 0x0000000086d00000| PB 0x0000000086d00000| Untracked 
| 110|0x0000000086e00000, 0x0000000086e00000, 0x0000000086f00000|  0%| F|  |TAMS 0x0000000086e00000| PB 0x0000000086e00000| Untracked 
| 111|0x0000000086f00000, 0x0000000086f00000, 0x0000000087000000|  0%| F|  |TAMS 0x0000000086f00000| PB 0x0000000086f00000| Untracked 
| 112|0x0000000087000000, 0x0000000087000000, 0x0000000087100000|  0%| F|  |TAMS 0x0000000087000000| PB 0x0000000087000000| Untracked 
| 113|0x0000000087100000, 0x0000000087100000, 0x0000000087200000|  0%| F|  |TAMS 0x0000000087100000| PB 0x0000000087100000| Untracked 
| 114|0x0000000087200000, 0x0000000087200000, 0x0000000087300000|  0%| F|  |TAMS 0x0000000087200000| PB 0x0000000087200000| Untracked 
| 115|0x0000000087300000, 0x0000000087300000, 0x0000000087400000|  0%| F|  |TAMS 0x0000000087300000| PB 0x0000000087300000| Untracked 
| 116|0x0000000087400000, 0x0000000087400000, 0x0000000087500000|  0%| F|  |TAMS 0x0000000087400000| PB 0x0000000087400000| Untracked 
| 117|0x0000000087500000, 0x0000000087500000, 0x0000000087600000|  0%| F|  |TAMS 0x0000000087500000| PB 0x0000000087500000| Untracked 
| 118|0x0000000087600000, 0x0000000087600000, 0x0000000087700000|  0%| F|  |TAMS 0x0000000087600000| PB 0x0000000087600000| Untracked 
| 119|0x0000000087700000, 0x0000000087700000, 0x0000000087800000|  0%| F|  |TAMS 0x0000000087700000| PB 0x0000000087700000| Untracked 
| 120|0x0000000087800000, 0x0000000087800000, 0x0000000087900000|  0%| F|  |TAMS 0x0000000087800000| PB 0x0000000087800000| Untracked 
| 121|0x0000000087900000, 0x0000000087900000, 0x0000000087a00000|  0%| F|  |TAMS 0x0000000087900000| PB 0x0000000087900000| Untracked 
| 122|0x0000000087a00000, 0x0000000087a00000, 0x0000000087b00000|  0%| F|  |TAMS 0x0000000087a00000| PB 0x0000000087a00000| Untracked 
| 123|0x0000000087b00000, 0x0000000087b00000, 0x0000000087c00000|  0%| F|  |TAMS 0x0000000087b00000| PB 0x0000000087b00000| Untracked 
| 124|0x0000000087c00000, 0x0000000087c00000, 0x0000000087d00000|  0%| F|  |TAMS 0x0000000087c00000| PB 0x0000000087c00000| Untracked 
| 125|0x0000000087d00000, 0x0000000087d00000, 0x0000000087e00000|  0%| F|  |TAMS 0x0000000087d00000| PB 0x0000000087d00000| Untracked 
| 126|0x0000000087e00000, 0x0000000087e00000, 0x0000000087f00000|  0%| F|  |TAMS 0x0000000087e00000| PB 0x0000000087e00000| Untracked 
| 127|0x0000000087f00000, 0x0000000087f00000, 0x0000000088000000|  0%| F|  |TAMS 0x0000000087f00000| PB 0x0000000087f00000| Untracked 
| 128|0x0000000088000000, 0x0000000088000000, 0x0000000088100000|  0%| F|  |TAMS 0x0000000088000000| PB 0x0000000088000000| Untracked 
| 129|0x0000000088100000, 0x0000000088100000, 0x0000000088200000|  0%| F|  |TAMS 0x0000000088100000| PB 0x0000000088100000| Untracked 
| 130|0x0000000088200000, 0x0000000088200000, 0x0000000088300000|  0%| F|  |TAMS 0x0000000088200000| PB 0x0000000088200000| Untracked 
| 131|0x0000000088300000, 0x0000000088300000, 0x0000000088400000|  0%| F|  |TAMS 0x0000000088300000| PB 0x0000000088300000| Untracked 
| 132|0x0000000088400000, 0x0000000088400000, 0x0000000088500000|  0%| F|  |TAMS 0x0000000088400000| PB 0x0000000088400000| Untracked 
| 133|0x0000000088500000, 0x0000000088500000, 0x0000000088600000|  0%| F|  |TAMS 0x0000000088500000| PB 0x0000000088500000| Untracked 
| 134|0x0000000088600000, 0x0000000088600000, 0x0000000088700000|  0%| F|  |TAMS 0x0000000088600000| PB 0x0000000088600000| Untracked 
| 135|0x0000000088700000, 0x0000000088700000, 0x0000000088800000|  0%| F|  |TAMS 0x0000000088700000| PB 0x0000000088700000| Untracked 
| 136|0x0000000088800000, 0x0000000088800000, 0x0000000088900000|  0%| F|  |TAMS 0x0000000088800000| PB 0x0000000088800000| Untracked 
| 137|0x0000000088900000, 0x0000000088900000, 0x0000000088a00000|  0%| F|  |TAMS 0x0000000088900000| PB 0x0000000088900000| Untracked 
| 138|0x0000000088a00000, 0x0000000088a00000, 0x0000000088b00000|  0%| F|  |TAMS 0x0000000088a00000| PB 0x0000000088a00000| Untracked 
| 139|0x0000000088b00000, 0x0000000088b00000, 0x0000000088c00000|  0%| F|  |TAMS 0x0000000088b00000| PB 0x0000000088b00000| Untracked 
| 140|0x0000000088c00000, 0x0000000088c00000, 0x0000000088d00000|  0%| F|  |TAMS 0x0000000088c00000| PB 0x0000000088c00000| Untracked 
| 141|0x0000000088d00000, 0x0000000088d00000, 0x0000000088e00000|  0%| F|  |TAMS 0x0000000088d00000| PB 0x0000000088d00000| Untracked 
| 142|0x0000000088e00000, 0x0000000088e00000, 0x0000000088f00000|  0%| F|  |TAMS 0x0000000088e00000| PB 0x0000000088e00000| Untracked 
| 143|0x0000000088f00000, 0x0000000088f00000, 0x0000000089000000|  0%| F|  |TAMS 0x0000000088f00000| PB 0x0000000088f00000| Untracked 
| 144|0x0000000089000000, 0x0000000089000000, 0x0000000089100000|  0%| F|  |TAMS 0x0000000089000000| PB 0x0000000089000000| Untracked 
| 145|0x0000000089100000, 0x0000000089100000, 0x0000000089200000|  0%| F|  |TAMS 0x0000000089100000| PB 0x0000000089100000| Untracked 
| 146|0x0000000089200000, 0x0000000089200000, 0x0000000089300000|  0%| F|  |TAMS 0x0000000089200000| PB 0x0000000089200000| Untracked 
| 147|0x0000000089300000, 0x0000000089380000, 0x0000000089400000| 50%| E|  |TAMS 0x0000000089300000| PB 0x0000000089300000| Complete 
| 148|0x0000000089400000, 0x0000000089500000, 0x0000000089500000|100%| E|CS|TAMS 0x0000000089400000| PB 0x0000000089400000| Complete 
| 149|0x0000000089500000, 0x0000000089600000, 0x0000000089600000|100%| E|CS|TAMS 0x0000000089500000| PB 0x0000000089500000| Complete 
| 150|0x0000000089600000, 0x0000000089700000, 0x0000000089700000|100%| E|CS|TAMS 0x0000000089600000| PB 0x0000000089600000| Complete 
| 151|0x0000000089700000, 0x0000000089800000, 0x0000000089800000|100%| E|CS|TAMS 0x0000000089700000| PB 0x0000000089700000| Complete 
| 152|0x0000000089800000, 0x0000000089900000, 0x0000000089900000|100%| E|CS|TAMS 0x0000000089800000| PB 0x0000000089800000| Complete 
| 153|0x0000000089900000, 0x0000000089a00000, 0x0000000089a00000|100%| E|CS|TAMS 0x0000000089900000| PB 0x0000000089900000| Complete 
| 154|0x0000000089a00000, 0x0000000089b00000, 0x0000000089b00000|100%| E|CS|TAMS 0x0000000089a00000| PB 0x0000000089a00000| Complete 
| 155|0x0000000089b00000, 0x0000000089c00000, 0x0000000089c00000|100%| E|CS|TAMS 0x0000000089b00000| PB 0x0000000089b00000| Complete 
| 156|0x0000000089c00000, 0x0000000089d00000, 0x0000000089d00000|100%| E|CS|TAMS 0x0000000089c00000| PB 0x0000000089c00000| Complete 
| 157|0x0000000089d00000, 0x0000000089e00000, 0x0000000089e00000|100%| E|CS|TAMS 0x0000000089d00000| PB 0x0000000089d00000| Complete 
| 158|0x0000000089e00000, 0x0000000089f00000, 0x0000000089f00000|100%| E|CS|TAMS 0x0000000089e00000| PB 0x0000000089e00000| Complete 
| 159|0x0000000089f00000, 0x000000008a000000, 0x000000008a000000|100%| E|CS|TAMS 0x0000000089f00000| PB 0x0000000089f00000| Complete 
| 160|0x000000008a000000, 0x000000008a100000, 0x000000008a100000|100%| E|CS|TAMS 0x000000008a000000| PB 0x000000008a000000| Complete 
| 161|0x000000008a100000, 0x000000008a200000, 0x000000008a200000|100%| E|CS|TAMS 0x000000008a100000| PB 0x000000008a100000| Complete 
| 162|0x000000008a200000, 0x000000008a300000, 0x000000008a300000|100%| E|CS|TAMS 0x000000008a200000| PB 0x000000008a200000| Complete 
| 163|0x000000008a300000, 0x000000008a400000, 0x000000008a400000|100%| E|CS|TAMS 0x000000008a300000| PB 0x000000008a300000| Complete 
| 164|0x000000008a400000, 0x000000008a500000, 0x000000008a500000|100%| E|CS|TAMS 0x000000008a400000| PB 0x000000008a400000| Complete 
| 165|0x000000008a500000, 0x000000008a600000, 0x000000008a600000|100%| E|CS|TAMS 0x000000008a500000| PB 0x000000008a500000| Complete 
| 166|0x000000008a600000, 0x000000008a700000, 0x000000008a700000|100%| E|CS|TAMS 0x000000008a600000| PB 0x000000008a600000| Complete 
| 167|0x000000008a700000, 0x000000008a800000, 0x000000008a800000|100%| E|CS|TAMS 0x000000008a700000| PB 0x000000008a700000| Complete 
| 168|0x000000008a800000, 0x000000008a900000, 0x000000008a900000|100%| E|CS|TAMS 0x000000008a800000| PB 0x000000008a800000| Complete 
| 169|0x000000008a900000, 0x000000008aa00000, 0x000000008aa00000|100%| E|CS|TAMS 0x000000008a900000| PB 0x000000008a900000| Complete 
| 170|0x000000008aa00000, 0x000000008ab00000, 0x000000008ab00000|100%| E|CS|TAMS 0x000000008aa00000| PB 0x000000008aa00000| Complete 
| 171|0x000000008ab00000, 0x000000008ac00000, 0x000000008ac00000|100%| E|CS|TAMS 0x000000008ab00000| PB 0x000000008ab00000| Complete 
| 172|0x000000008ac00000, 0x000000008ad00000, 0x000000008ad00000|100%| E|CS|TAMS 0x000000008ac00000| PB 0x000000008ac00000| Complete 
| 173|0x000000008ad00000, 0x000000008ae00000, 0x000000008ae00000|100%| E|CS|TAMS 0x000000008ad00000| PB 0x000000008ad00000| Complete 
| 174|0x000000008ae00000, 0x000000008af00000, 0x000000008af00000|100%| E|CS|TAMS 0x000000008ae00000| PB 0x000000008ae00000| Complete 
| 175|0x000000008af00000, 0x000000008b000000, 0x000000008b000000|100%| E|CS|TAMS 0x000000008af00000| PB 0x000000008af00000| Complete 
| 176|0x000000008b000000, 0x000000008b100000, 0x000000008b100000|100%| E|CS|TAMS 0x000000008b000000| PB 0x000000008b000000| Complete 
| 177|0x000000008b100000, 0x000000008b200000, 0x000000008b200000|100%| E|CS|TAMS 0x000000008b100000| PB 0x000000008b100000| Complete 
| 178|0x000000008b200000, 0x000000008b300000, 0x000000008b300000|100%| E|CS|TAMS 0x000000008b200000| PB 0x000000008b200000| Complete 
| 179|0x000000008b300000, 0x000000008b400000, 0x000000008b400000|100%| E|CS|TAMS 0x000000008b300000| PB 0x000000008b300000| Complete 
| 180|0x000000008b400000, 0x000000008b500000, 0x000000008b500000|100%| E|CS|TAMS 0x000000008b400000| PB 0x000000008b400000| Complete 
| 181|0x000000008b500000, 0x000000008b600000, 0x000000008b600000|100%| E|CS|TAMS 0x000000008b500000| PB 0x000000008b500000| Complete 
| 182|0x000000008b600000, 0x000000008b700000, 0x000000008b700000|100%| E|CS|TAMS 0x000000008b600000| PB 0x000000008b600000| Complete 
| 183|0x000000008b700000, 0x000000008b800000, 0x000000008b800000|100%| E|CS|TAMS 0x000000008b700000| PB 0x000000008b700000| Complete 
| 184|0x000000008b800000, 0x000000008b900000, 0x000000008b900000|100%| E|CS|TAMS 0x000000008b800000| PB 0x000000008b800000| Complete 
| 185|0x000000008b900000, 0x000000008ba00000, 0x000000008ba00000|100%| E|CS|TAMS 0x000000008b900000| PB 0x000000008b900000| Complete 
| 186|0x000000008ba00000, 0x000000008bb00000, 0x000000008bb00000|100%| E|CS|TAMS 0x000000008ba00000| PB 0x000000008ba00000| Complete 
| 187|0x000000008bb00000, 0x000000008bc00000, 0x000000008bc00000|100%| E|CS|TAMS 0x000000008bb00000| PB 0x000000008bb00000| Complete 
| 188|0x000000008bc00000, 0x000000008bd00000, 0x000000008bd00000|100%| E|CS|TAMS 0x000000008bc00000| PB 0x000000008bc00000| Complete 
| 189|0x000000008bd00000, 0x000000008be00000, 0x000000008be00000|100%| E|CS|TAMS 0x000000008bd00000| PB 0x000000008bd00000| Complete 
| 190|0x000000008be00000, 0x000000008bf00000, 0x000000008bf00000|100%| E|CS|TAMS 0x000000008be00000| PB 0x000000008be00000| Complete 
| 191|0x000000008bf00000, 0x000000008c000000, 0x000000008c000000|100%| E|CS|TAMS 0x000000008bf00000| PB 0x000000008bf00000| Complete 
| 192|0x000000008c000000, 0x000000008c100000, 0x000000008c100000|100%| E|CS|TAMS 0x000000008c000000| PB 0x000000008c000000| Complete 
| 193|0x000000008c100000, 0x000000008c200000, 0x000000008c200000|100%| E|CS|TAMS 0x000000008c100000| PB 0x000000008c100000| Complete 
| 194|0x000000008c200000, 0x000000008c300000, 0x000000008c300000|100%| E|CS|TAMS 0x000000008c200000| PB 0x000000008c200000| Complete 
| 195|0x000000008c300000, 0x000000008c400000, 0x000000008c400000|100%| E|CS|TAMS 0x000000008c300000| PB 0x000000008c300000| Complete 
| 196|0x000000008c400000, 0x000000008c500000, 0x000000008c500000|100%| E|CS|TAMS 0x000000008c400000| PB 0x000000008c400000| Complete 
| 197|0x000000008c500000, 0x000000008c600000, 0x000000008c600000|100%| E|CS|TAMS 0x000000008c500000| PB 0x000000008c500000| Complete 
| 198|0x000000008c600000, 0x000000008c700000, 0x000000008c700000|100%| E|CS|TAMS 0x000000008c600000| PB 0x000000008c600000| Complete 
| 199|0x000000008c700000, 0x000000008c800000, 0x000000008c800000|100%| E|CS|TAMS 0x000000008c700000| PB 0x000000008c700000| Complete 
| 200|0x000000008c800000, 0x000000008c900000, 0x000000008c900000|100%| E|CS|TAMS 0x000000008c800000| PB 0x000000008c800000| Complete 
| 201|0x000000008c900000, 0x000000008ca00000, 0x000000008ca00000|100%| E|CS|TAMS 0x000000008c900000| PB 0x000000008c900000| Complete 
| 202|0x000000008ca00000, 0x000000008cb00000, 0x000000008cb00000|100%| E|CS|TAMS 0x000000008ca00000| PB 0x000000008ca00000| Complete 
| 203|0x000000008cb00000, 0x000000008cc00000, 0x000000008cc00000|100%| E|CS|TAMS 0x000000008cb00000| PB 0x000000008cb00000| Complete 
| 204|0x000000008cc00000, 0x000000008cd00000, 0x000000008cd00000|100%| E|CS|TAMS 0x000000008cc00000| PB 0x000000008cc00000| Complete 
| 205|0x000000008cd00000, 0x000000008ce00000, 0x000000008ce00000|100%| E|CS|TAMS 0x000000008cd00000| PB 0x000000008cd00000| Complete 
| 206|0x000000008ce00000, 0x000000008cf00000, 0x000000008cf00000|100%| E|CS|TAMS 0x000000008ce00000| PB 0x000000008ce00000| Complete 
| 207|0x000000008cf00000, 0x000000008d000000, 0x000000008d000000|100%| E|CS|TAMS 0x000000008cf00000| PB 0x000000008cf00000| Complete 
| 208|0x000000008d000000, 0x000000008d100000, 0x000000008d100000|100%| E|CS|TAMS 0x000000008d000000| PB 0x000000008d000000| Complete 
| 209|0x000000008d100000, 0x000000008d200000, 0x000000008d200000|100%| E|CS|TAMS 0x000000008d100000| PB 0x000000008d100000| Complete 
| 210|0x000000008d200000, 0x000000008d300000, 0x000000008d300000|100%| E|CS|TAMS 0x000000008d200000| PB 0x000000008d200000| Complete 
| 211|0x000000008d300000, 0x000000008d400000, 0x000000008d400000|100%| E|CS|TAMS 0x000000008d300000| PB 0x000000008d300000| Complete 
| 212|0x000000008d400000, 0x000000008d500000, 0x000000008d500000|100%| E|CS|TAMS 0x000000008d400000| PB 0x000000008d400000| Complete 
| 213|0x000000008d500000, 0x000000008d600000, 0x000000008d600000|100%| E|CS|TAMS 0x000000008d500000| PB 0x000000008d500000| Complete 
| 214|0x000000008d600000, 0x000000008d700000, 0x000000008d700000|100%| E|CS|TAMS 0x000000008d600000| PB 0x000000008d600000| Complete 
| 215|0x000000008d700000, 0x000000008d800000, 0x000000008d800000|100%| E|CS|TAMS 0x000000008d700000| PB 0x000000008d700000| Complete 
| 216|0x000000008d800000, 0x000000008d900000, 0x000000008d900000|100%| E|CS|TAMS 0x000000008d800000| PB 0x000000008d800000| Complete 
| 217|0x000000008d900000, 0x000000008da00000, 0x000000008da00000|100%| E|CS|TAMS 0x000000008d900000| PB 0x000000008d900000| Complete 
| 218|0x000000008da00000, 0x000000008db00000, 0x000000008db00000|100%| E|CS|TAMS 0x000000008da00000| PB 0x000000008da00000| Complete 
| 219|0x000000008db00000, 0x000000008dbf1bb0, 0x000000008dc00000| 94%| S|CS|TAMS 0x000000008db00000| PB 0x000000008db00000| Complete 
| 220|0x000000008dc00000, 0x000000008dd00000, 0x000000008dd00000|100%| E|CS|TAMS 0x000000008dc00000| PB 0x000000008dc00000| Complete 
| 221|0x000000008dd00000, 0x000000008de00000, 0x000000008de00000|100%| E|CS|TAMS 0x000000008dd00000| PB 0x000000008dd00000| Complete 
| 222|0x000000008de00000, 0x000000008df00000, 0x000000008df00000|100%| E|CS|TAMS 0x000000008de00000| PB 0x000000008de00000| Complete 
| 223|0x000000008df00000, 0x000000008e000000, 0x000000008e000000|100%| E|CS|TAMS 0x000000008df00000| PB 0x000000008df00000| Complete 
| 224|0x000000008e000000, 0x000000008e100000, 0x000000008e100000|100%| E|CS|TAMS 0x000000008e000000| PB 0x000000008e000000| Complete 
| 225|0x000000008e100000, 0x000000008e200000, 0x000000008e200000|100%| E|CS|TAMS 0x000000008e100000| PB 0x000000008e100000| Complete 
| 226|0x000000008e200000, 0x000000008e300000, 0x000000008e300000|100%| E|CS|TAMS 0x000000008e200000| PB 0x000000008e200000| Complete 
| 227|0x000000008e300000, 0x000000008e400000, 0x000000008e400000|100%| E|CS|TAMS 0x000000008e300000| PB 0x000000008e300000| Complete 
| 228|0x000000008e400000, 0x000000008e500000, 0x000000008e500000|100%| E|CS|TAMS 0x000000008e400000| PB 0x000000008e400000| Complete 
| 229|0x000000008e500000, 0x000000008e600000, 0x000000008e600000|100%| E|CS|TAMS 0x000000008e500000| PB 0x000000008e500000| Complete 
| 230|0x000000008e600000, 0x000000008e700000, 0x000000008e700000|100%| E|CS|TAMS 0x000000008e600000| PB 0x000000008e600000| Complete 
| 231|0x000000008e700000, 0x000000008e800000, 0x000000008e800000|100%| E|CS|TAMS 0x000000008e700000| PB 0x000000008e700000| Complete 
| 232|0x000000008e800000, 0x000000008e900000, 0x000000008e900000|100%| E|CS|TAMS 0x000000008e800000| PB 0x000000008e800000| Complete 
| 233|0x000000008e900000, 0x000000008ea00000, 0x000000008ea00000|100%| E|CS|TAMS 0x000000008e900000| PB 0x000000008e900000| Complete 
| 234|0x000000008ea00000, 0x000000008eb00000, 0x000000008eb00000|100%| E|CS|TAMS 0x000000008ea00000| PB 0x000000008ea00000| Complete 
| 235|0x000000008eb00000, 0x000000008ec00000, 0x000000008ec00000|100%| E|CS|TAMS 0x000000008eb00000| PB 0x000000008eb00000| Complete 
| 236|0x000000008ec00000, 0x000000008ed00000, 0x000000008ed00000|100%| E|CS|TAMS 0x000000008ec00000| PB 0x000000008ec00000| Complete 
| 237|0x000000008ed00000, 0x000000008ee00000, 0x000000008ee00000|100%| E|CS|TAMS 0x000000008ed00000| PB 0x000000008ed00000| Complete 
| 238|0x000000008ee00000, 0x000000008ef00000, 0x000000008ef00000|100%| E|CS|TAMS 0x000000008ee00000| PB 0x000000008ee00000| Complete 
| 239|0x000000008ef00000, 0x000000008f000000, 0x000000008f000000|100%| E|CS|TAMS 0x000000008ef00000| PB 0x000000008ef00000| Complete 
| 240|0x000000008f000000, 0x000000008f100000, 0x000000008f100000|100%| E|CS|TAMS 0x000000008f000000| PB 0x000000008f000000| Complete 
| 241|0x000000008f100000, 0x000000008f200000, 0x000000008f200000|100%| E|CS|TAMS 0x000000008f100000| PB 0x000000008f100000| Complete 
| 242|0x000000008f200000, 0x000000008f300000, 0x000000008f300000|100%| E|CS|TAMS 0x000000008f200000| PB 0x000000008f200000| Complete 
| 243|0x000000008f300000, 0x000000008f400000, 0x000000008f400000|100%| E|CS|TAMS 0x000000008f300000| PB 0x000000008f300000| Complete 
| 244|0x000000008f400000, 0x000000008f500000, 0x000000008f500000|100%| E|CS|TAMS 0x000000008f400000| PB 0x000000008f400000| Complete 
| 245|0x000000008f500000, 0x000000008f600000, 0x000000008f600000|100%| E|CS|TAMS 0x000000008f500000| PB 0x000000008f500000| Complete 
| 246|0x000000008f600000, 0x000000008f700000, 0x000000008f700000|100%| E|CS|TAMS 0x000000008f600000| PB 0x000000008f600000| Complete 
| 247|0x000000008f700000, 0x000000008f800000, 0x000000008f800000|100%| E|  |TAMS 0x000000008f700000| PB 0x000000008f700000| Complete 
| 248|0x000000008f800000, 0x000000008f900000, 0x000000008f900000|100%| E|CS|TAMS 0x000000008f800000| PB 0x000000008f800000| Complete 
| 249|0x000000008f900000, 0x000000008fa00000, 0x000000008fa00000|100%| E|CS|TAMS 0x000000008f900000| PB 0x000000008f900000| Complete 
| 250|0x000000008fa00000, 0x000000008fb00000, 0x000000008fb00000|100%| E|CS|TAMS 0x000000008fa00000| PB 0x000000008fa00000| Complete 
| 251|0x000000008fb00000, 0x000000008fc00000, 0x000000008fc00000|100%| E|CS|TAMS 0x000000008fb00000| PB 0x000000008fb00000| Complete 

Card table byte_map: [0x0000016ba67e0000,0x0000016ba6be0000] _byte_map_base: 0x0000016ba63e0000

Marking Bits: (CMBitMap*) 0x0000016b92f1f0a0
 Bits: [0x0000016ba6be0000, 0x0000016ba8be0000)

Polling page: 0x0000016b90d60000

Metaspace:

Usage:
  Non-class:     17.13 MB used.
      Class:      2.86 MB used.
       Both:     19.99 MB used.

Virtual space:
  Non-class space:       64.00 MB reserved,      17.44 MB ( 27%) committed,  1 nodes.
      Class space:        1.00 GB reserved,       3.12 MB ( <1%) committed,  1 nodes.
             Both:        1.06 GB reserved,      20.56 MB (  2%) committed. 

Chunk freelists:
   Non-Class:  14.01 MB
       Class:  12.88 MB
        Both:  26.89 MB

MaxMetaspaceSize: unlimited
CompressedClassSpaceSize: 1.00 GB
Initial GC threshold: 21.00 MB
Current GC threshold: 21.00 MB
CDS: on
 - commit_granule_bytes: 65536.
 - commit_granule_words: 8192.
 - virtual_space_node_default_size: 8388608.
 - enlarge_chunks_in_place: 1.
 - use_allocation_guard: 0.


Internal statistics:

num_allocs_failed_limit: 0.
num_arena_births: 864.
num_arena_deaths: 0.
num_vsnodes_births: 2.
num_vsnodes_deaths: 0.
num_space_committed: 329.
num_space_uncommitted: 0.
num_chunks_returned_to_freelist: 0.
num_chunks_taken_from_freelist: 1667.
num_chunk_merges: 0.
num_chunk_splits: 1076.
num_chunks_enlarged: 688.
num_inconsistent_stats: 0.

CodeHeap 'non-profiled nmethods': size=118848Kb used=1439Kb max_used=1439Kb free=117408Kb
 bounds [0x0000016b9dca0000, 0x0000016b9df10000, 0x0000016ba50b0000]
CodeHeap 'profiled nmethods': size=118848Kb used=6497Kb max_used=6497Kb free=112351Kb
 bounds [0x0000016b960b0000, 0x0000016b96710000, 0x0000016b9d4c0000]
CodeHeap 'non-nmethods': size=8064Kb used=3755Kb max_used=3803Kb free=4308Kb
 bounds [0x0000016b9d4c0000, 0x0000016b9d880000, 0x0000016b9dca0000]
 total_blobs=3736 nmethods=3158 adapters=478
 compilation: enabled
              stopped_count=0, restarted_count=0
 full_count=0

Compilation events (20 events):
Event: 2.145 Thread 0x0000016bac9a4f10 3126       3       org.objectweb.asm.MethodVisitor::visitMethodInsn (80 bytes)
Event: 2.145 Thread 0x0000016bac8f0d90 3127       3       org.objectweb.asm.MethodWriter::visitMethodInsn (191 bytes)
Event: 2.146 Thread 0x0000016bac9a4f10 nmethod 3126 0x0000016b966e9a10 code [0x0000016b966e9c00, 0x0000016b966ea0c0]
Event: 2.146 Thread 0x0000016bac8f0d90 nmethod 3127 0x0000016b966ea210 code [0x0000016b966ea460, 0x0000016b966eac18]
Event: 2.147 Thread 0x0000016bac8f0d90 3128       3       org.objectweb.asm.Frame::pop (53 bytes)
Event: 2.147 Thread 0x0000016bac9a5b60 3129       3       org.objectweb.asm.Handler::getExceptionTableLength (21 bytes)
Event: 2.147 Thread 0x0000016bac836ad0 3130       3       org.objectweb.asm.ByteVector::putInt (74 bytes)
Event: 2.147 Thread 0x0000016bf2c056d0 3131       3       org.objectweb.asm.Handler::getExceptionTableSize (10 bytes)
Event: 2.147 Thread 0x0000016bac9a4f10 3132       1       org.objectweb.asm.MethodWriter::hasAsmInstructions (5 bytes)
Event: 2.147 Thread 0x0000016bac9a5b60 nmethod 3129 0x0000016b966eaf90 code [0x0000016b966eb140, 0x0000016b966eb2d8]
Event: 2.147 Thread 0x0000016bac9a4f10 nmethod 3132 0x0000016b9de06f90 code [0x0000016b9de07120, 0x0000016b9de071f0]
Event: 2.147 Thread 0x0000016bf2c056d0 nmethod 3131 0x0000016b966eb410 code [0x0000016b966eb5c0, 0x0000016b966eb7b8]
Event: 2.147 Thread 0x0000016bac836ad0 nmethod 3130 0x0000016b966eb910 code [0x0000016b966ebac0, 0x0000016b966ebd10]
Event: 2.147 Thread 0x0000016bac8f0d90 nmethod 3128 0x0000016b966ebe90 code [0x0000016b966ec0e0, 0x0000016b966ec838]
Event: 2.153 Thread 0x0000016bac8f0d90 3133       3       sun.reflect.generics.repository.AbstractRepository::getReifier (8 bytes)
Event: 2.153 Thread 0x0000016bac8f0d90 nmethod 3133 0x0000016b966ecb90 code [0x0000016b966ecd40, 0x0000016b966ed030]
Event: 2.153 Thread 0x0000016bf2c056d0 3134       3       java.lang.invoke.MethodHandles$Lookup::hasFullPrivilegeAccess (18 bytes)
Event: 2.153 Thread 0x0000016bf2c056d0 nmethod 3134 0x0000016b966ed190 code [0x0000016b966ed320, 0x0000016b966ed488]
Event: 2.159 Thread 0x0000016bac836ad0 3136       3       org.gradle.internal.service.DefaultServiceRegistry$ParentServices::getService (11 bytes)
Event: 2.159 Thread 0x0000016bac836ad0 nmethod 3136 0x0000016b966ed510 code [0x0000016b966ed6c0, 0x0000016b966ed898]

GC Heap History (4 events):
Event: 0.393 GC heap before
{Heap before GC invocations=0 (full 0):
 garbage-first heap   total 258048K, used 26624K [0x0000000080000000, 0x0000000100000000)
  region size 1024K, 23 young (23552K), 0 survivors (0K)
 Metaspace       used 2961K, committed 3072K, reserved 1114112K
  class space    used 358K, committed 384K, reserved 1048576K
}
Event: 0.396 GC heap after
{Heap after GC invocations=1 (full 0):
 garbage-first heap   total 258048K, used 10918K [0x0000000080000000, 0x0000000100000000)
  region size 1024K, 3 young (3072K), 3 survivors (3072K)
 Metaspace       used 2961K, committed 3072K, reserved 1114112K
  class space    used 358K, committed 384K, reserved 1048576K
}
Event: 0.710 GC heap before
{Heap before GC invocations=1 (full 0):
 garbage-first heap   total 258048K, used 40614K [0x0000000080000000, 0x0000000100000000)
  region size 1024K, 32 young (32768K), 3 survivors (3072K)
 Metaspace       used 4175K, committed 4352K, reserved 1114112K
  class space    used 502K, committed 576K, reserved 1048576K
}
Event: 0.711 GC heap after
{Heap after GC invocations=2 (full 0):
 garbage-first heap   total 258048K, used 11887K [0x0000000080000000, 0x0000000100000000)
  region size 1024K, 1 young (1024K), 1 survivors (1024K)
 Metaspace       used 4175K, committed 4352K, reserved 1114112K
  class space    used 502K, committed 576K, reserved 1048576K
}

Dll operation events (14 events):
Event: 0.008 Loaded shared library C:\Users\jin_m\.cursor\extensions\redhat.java-1.41.1-win32-x64\jre\21.0.6-win32-x86_64\bin\java.dll
Event: 0.029 Loaded shared library C:\Users\jin_m\.cursor\extensions\redhat.java-1.41.1-win32-x64\jre\21.0.6-win32-x86_64\bin\zip.dll
Event: 0.064 Loaded shared library C:\Users\jin_m\.cursor\extensions\redhat.java-1.41.1-win32-x64\jre\21.0.6-win32-x86_64\bin\instrument.dll
Event: 0.067 Loaded shared library C:\Users\jin_m\.cursor\extensions\redhat.java-1.41.1-win32-x64\jre\21.0.6-win32-x86_64\bin\net.dll
Event: 0.068 Loaded shared library C:\Users\jin_m\.cursor\extensions\redhat.java-1.41.1-win32-x64\jre\21.0.6-win32-x86_64\bin\nio.dll
Event: 0.071 Loaded shared library C:\Users\jin_m\.cursor\extensions\redhat.java-1.41.1-win32-x64\jre\21.0.6-win32-x86_64\bin\zip.dll
Event: 0.211 Loaded shared library C:\Users\jin_m\.cursor\extensions\redhat.java-1.41.1-win32-x64\jre\21.0.6-win32-x86_64\bin\jimage.dll
Event: 0.254 Loaded shared library C:\Users\jin_m\.cursor\extensions\redhat.java-1.41.1-win32-x64\jre\21.0.6-win32-x86_64\bin\verify.dll
Event: 0.357 Loaded shared library C:\Users\jin_m\.gradle\native\c067742578af261105cb4f569cf0c3c89f3d7b1fecec35dd04571415982c5e48\windows-amd64\native-platform.dll
Event: 0.366 Loaded shared library C:\Users\jin_m\.gradle\native\38dada09dfb8b06ba9b0570ebf7e218e3eb74d4ef43ca46872605cf95ebc2f47\windows-amd64\native-platform-file-events.dll
Event: 0.967 Loaded shared library C:\Users\jin_m\.cursor\extensions\redhat.java-1.41.1-win32-x64\jre\21.0.6-win32-x86_64\bin\management.dll
Event: 0.969 Loaded shared library C:\Users\jin_m\.cursor\extensions\redhat.java-1.41.1-win32-x64\jre\21.0.6-win32-x86_64\bin\management_ext.dll
Event: 1.090 Loaded shared library C:\Users\jin_m\.cursor\extensions\redhat.java-1.41.1-win32-x64\jre\21.0.6-win32-x86_64\bin\extnet.dll
Event: 1.185 Loaded shared library C:\Users\jin_m\.cursor\extensions\redhat.java-1.41.1-win32-x64\jre\21.0.6-win32-x86_64\bin\sunmscapi.dll

Deoptimization events (20 events):
Event: 1.808 Thread 0x0000016bf3489fa0 Uncommon trap: trap_request=0xffffff45 fr.pc=0x0000016b9dd61a84 relative=0x00000000000007a4
Event: 1.808 Thread 0x0000016bf3489fa0 Uncommon trap: reason=unstable_if action=reinterpret pc=0x0000016b9dd61a84 method=java.util.ArrayList.grow(I)[Ljava/lang/Object; @ 17 c2
Event: 1.808 Thread 0x0000016bf3489fa0 DEOPT PACKING pc=0x0000016b9dd61a84 sp=0x0000003bd82fd600
Event: 1.808 Thread 0x0000016bf3489fa0 DEOPT UNPACKING pc=0x0000016b9d5146a2 sp=0x0000003bd82fd498 mode 2
Event: 1.829 Thread 0x0000016bf3489fa0 Uncommon trap: trap_request=0xffffffcc fr.pc=0x0000016b9ddd450c relative=0x000000000000034c
Event: 1.829 Thread 0x0000016bf3489fa0 Uncommon trap: reason=intrinsic_or_type_checked_inlining action=make_not_entrant pc=0x0000016b9ddd450c method=java.util.Arrays.copyOf([Ljava/lang/Object;ILjava/lang/Class;)[Ljava/lang/Object; @ 35 c2
Event: 1.829 Thread 0x0000016bf3489fa0 DEOPT PACKING pc=0x0000016b9ddd450c sp=0x0000003bd82fce90
Event: 1.829 Thread 0x0000016bf3489fa0 DEOPT UNPACKING pc=0x0000016b9d5146a2 sp=0x0000003bd82fce38 mode 2
Event: 1.940 Thread 0x0000016bf3489fa0 Uncommon trap: trap_request=0xffffff45 fr.pc=0x0000016b9dd811d0 relative=0x0000000000001610
Event: 1.940 Thread 0x0000016bf3489fa0 Uncommon trap: reason=unstable_if action=reinterpret pc=0x0000016b9dd811d0 method=java.util.concurrent.ConcurrentHashMap.transfer([Ljava/util/concurrent/ConcurrentHashMap$Node;[Ljava/util/concurrent/ConcurrentHashMap$Node;)V @ 26 c2
Event: 1.940 Thread 0x0000016bf3489fa0 DEOPT PACKING pc=0x0000016b9dd811d0 sp=0x0000003bd82fbbf0
Event: 1.940 Thread 0x0000016bf3489fa0 DEOPT UNPACKING pc=0x0000016b9d5146a2 sp=0x0000003bd82fbb60 mode 2
Event: 2.134 Thread 0x0000016bf3489fa0 Uncommon trap: trap_request=0xffffff45 fr.pc=0x0000016b9ddfaa08 relative=0x00000000000000e8
Event: 2.134 Thread 0x0000016bf3489fa0 Uncommon trap: reason=unstable_if action=reinterpret pc=0x0000016b9ddfaa08 method=java.util.Arrays.equals([Ljava/lang/Object;[Ljava/lang/Object;)Z @ 44 c2
Event: 2.134 Thread 0x0000016bf3489fa0 DEOPT PACKING pc=0x0000016b9ddfaa08 sp=0x0000003bd82fb970
Event: 2.134 Thread 0x0000016bf3489fa0 DEOPT UNPACKING pc=0x0000016b9d5146a2 sp=0x0000003bd82fb910 mode 2
Event: 2.134 Thread 0x0000016bf3489fa0 Uncommon trap: trap_request=0xffffff45 fr.pc=0x0000016b9ddc01cc relative=0x00000000000001ec
Event: 2.134 Thread 0x0000016bf3489fa0 Uncommon trap: reason=unstable_if action=reinterpret pc=0x0000016b9ddc01cc method=java.util.HashMap.getNode(Ljava/lang/Object;)Ljava/util/HashMap$Node; @ 131 c2
Event: 2.134 Thread 0x0000016bf3489fa0 DEOPT PACKING pc=0x0000016b9ddc01cc sp=0x0000003bd82fba30
Event: 2.134 Thread 0x0000016bf3489fa0 DEOPT UNPACKING pc=0x0000016b9d5146a2 sp=0x0000003bd82fb950 mode 2

Classes loaded (20 events):
Event: 1.943 Loading class java/security/InvalidKeyException
Event: 1.943 Loading class java/security/KeyException
Event: 1.943 Loading class java/security/KeyException done
Event: 1.943 Loading class java/security/InvalidKeyException done
Event: 2.006 Loading class java/lang/management/MemoryType
Event: 2.006 Loading class java/lang/management/MemoryType done
Event: 2.006 Loading class java/lang/management/MemoryUsage
Event: 2.006 Loading class java/lang/management/MemoryUsage done
Event: 2.006 Loading class java/util/concurrent/LinkedBlockingDeque$Node
Event: 2.006 Loading class java/util/concurrent/LinkedBlockingDeque$Node done
Event: 2.094 Loading class javax/xml/parsers/ParserConfigurationException
Event: 2.094 Loading class javax/xml/parsers/ParserConfigurationException done
Event: 2.094 Loading class org/xml/sax/SAXException
Event: 2.094 Loading class org/xml/sax/SAXException done
Event: 2.094 Loading class javax/xml/xpath/XPathExpressionException
Event: 2.094 Loading class javax/xml/xpath/XPathException
Event: 2.094 Loading class javax/xml/xpath/XPathException done
Event: 2.094 Loading class javax/xml/xpath/XPathExpressionException done
Event: 2.094 Loading class org/xml/sax/ErrorHandler
Event: 2.094 Loading class org/xml/sax/ErrorHandler done

Classes unloaded (0 events):
No events

Classes redefined (0 events):
No events

Internal exceptions (20 events):
Event: 1.837 Thread 0x0000016bf3489fa0 Exception <a 'java/lang/NoSuchMethodError'{0x000000008b00aeb8}: 'java.lang.Object java.lang.invoke.DirectMethodHandle$Holder.invokeStatic(java.lang.Object, java.lang.Object, java.lang.Object, java.lang.Object, java.lang.Object, java.lang.Object, java.lang.Object, java.lang.Object, java.lang.Object, java.lang.Object, java.lang.Object, java.lang.Object, java.lang.Object, java.lang.Object, java.lang.Object, java.lang.Object, java.lang.Object, java.lang.Object, java.lang.Object, java.lang.Object, java.lang.Obj
Event: 1.839 Thread 0x0000016bf3489fa0 Exception <a 'java/lang/NoSuchMethodError'{0x000000008b038698}: 'java.lang.Object java.lang.invoke.DirectMethodHandle$Holder.invokeStatic(java.lang.Object, java.lang.Object, java.lang.Object, java.lang.Object, java.lang.Object, java.lang.Object, java.lang.Object, java.lang.Object, java.lang.Object, java.lang.Object, java.lang.Object, java.lang.Object, java.lang.Object, java.lang.Object, java.lang.Object, java.lang.Object, java.lang.Object, java.lang.Object, java.lang.Object, java.lang.Object, java.lang.Obj
Event: 1.840 Thread 0x0000016bf3489fa0 Exception <a 'java/lang/NoSuchMethodError'{0x000000008b066990}: 'java.lang.Object java.lang.invoke.DirectMethodHandle$Holder.invokeStatic(java.lang.Object, java.lang.Object, java.lang.Object, java.lang.Object, java.lang.Object, java.lang.Object, java.lang.Object, java.lang.Object, java.lang.Object, java.lang.Object, java.lang.Object, java.lang.Object, java.lang.Object, java.lang.Object, java.lang.Object, java.lang.Object, java.lang.Object, java.lang.Object, java.lang.Object, java.lang.Object, java.lang.Obj
Event: 1.840 Thread 0x0000016bf3489fa0 Exception <a 'java/lang/NoSuchMethodError'{0x000000008b095e10}: 'java.lang.Object java.lang.invoke.DirectMethodHandle$Holder.invokeStatic(java.lang.Object, java.lang.Object, java.lang.Object, java.lang.Object, java.lang.Object, java.lang.Object, java.lang.Object, java.lang.Object, java.lang.Object, java.lang.Object, java.lang.Object, java.lang.Object, java.lang.Object, java.lang.Object, java.lang.Object, java.lang.Object, java.lang.Object, java.lang.Object, java.lang.Object, java.lang.Object, java.lang.Obj
Event: 1.842 Thread 0x0000016bf3489fa0 Exception <a 'java/lang/NoSuchMethodError'{0x000000008b0c5bf0}: 'java.lang.Object java.lang.invoke.DirectMethodHandle$Holder.invokeStatic(java.lang.Object, java.lang.Object, java.lang.Object, java.lang.Object, java.lang.Object, java.lang.Object, java.lang.Object, java.lang.Object, java.lang.Object, java.lang.Object, java.lang.Object, java.lang.Object, java.lang.Object, java.lang.Object, java.lang.Object, java.lang.Object, java.lang.Object, java.lang.Object, java.lang.Object, java.lang.Object, java.lang.Obj
Event: 1.843 Thread 0x0000016bf3489fa0 Exception <a 'java/lang/NoSuchMethodError'{0x000000008b0f7368}: 'java.lang.Object java.lang.invoke.DirectMethodHandle$Holder.invokeStatic(java.lang.Object, java.lang.Object, java.lang.Object, java.lang.Object, java.lang.Object, java.lang.Object, java.lang.Object, java.lang.Object, java.lang.Object, java.lang.Object, java.lang.Object, java.lang.Object, java.lang.Object, java.lang.Object, java.lang.Object, java.lang.Object, java.lang.Object, java.lang.Object, java.lang.Object, java.lang.Object, java.lang.Obj
Event: 1.860 Thread 0x0000016bf3489fa0 Exception <a 'java/lang/IncompatibleClassChangeError'{0x000000008ae3e7f8}: Found class java.lang.Object, but interface was expected> (0x000000008ae3e7f8) 
thrown [s\src\hotspot\share\interpreter\linkResolver.cpp, line 840]
Event: 1.890 Thread 0x0000016bf339ff30 Exception <a 'java/lang/NoSuchMethodError'{0x000000008d192000}: static Lorg/gradle/internal/build/event/types/DefaultOperationStartedProgressEvent;.<clinit>()V> (0x000000008d192000) 
thrown [s\src\hotspot\share\prims\jni.cpp, line 1111]
Event: 1.890 Thread 0x0000016bf339ff30 Exception <a 'java/lang/NoSuchMethodError'{0x000000008d193638}: static Lorg/gradle/internal/build/event/types/AbstractProgressEvent;.<clinit>()V> (0x000000008d193638) 
thrown [s\src\hotspot\share\prims\jni.cpp, line 1111]
Event: 1.891 Thread 0x0000016bf339ff30 Exception <a 'java/lang/NoSuchMethodError'{0x000000008d19c230}: static Lorg/gradle/internal/build/event/types/DefaultOperationDescriptor;.<clinit>()V> (0x000000008d19c230) 
thrown [s\src\hotspot\share\prims\jni.cpp, line 1111]
Event: 1.893 Thread 0x0000016bf339ff30 Exception <a 'java/lang/NoSuchMethodError'{0x000000008d1b4a48}: static Lorg/gradle/internal/operations/OperationIdentifier;.<clinit>()V> (0x000000008d1b4a48) 
thrown [s\src\hotspot\share\prims\jni.cpp, line 1111]
Event: 1.980 Thread 0x0000016bf3489fa0 Exception <a 'java/lang/IncompatibleClassChangeError'{0x000000008a5f19d0}: Found class java.lang.Object, but interface was expected> (0x000000008a5f19d0) 
thrown [s\src\hotspot\share\interpreter\linkResolver.cpp, line 840]
Event: 1.983 Thread 0x0000016bf3489fa0 Exception <a 'java/lang/NoSuchMethodError'{0x000000008a42a540}: 'java.lang.Object java.lang.invoke.DirectMethodHandle$Holder.newInvokeSpecial(java.lang.Object, java.lang.Object, java.lang.Object, java.lang.Object, java.lang.Object, java.lang.Object, java.lang.Object, java.lang.Object, java.lang.Object, java.lang.Object, java.lang.Object, java.lang.Object, java.lang.Object, java.lang.Object)'> (0x000000008a42a540) 
thrown [s\src\hotspot\share\interpreter\linkResolver.cpp, line 773]
Event: 1.983 Thread 0x0000016bf3489fa0 Exception <a 'java/lang/NoSuchMethodError'{0x000000008a42fcb0}: 'java.lang.Object java.lang.invoke.DirectMethodHandle$Holder.invokeSpecial(java.lang.Object, java.lang.Object, java.lang.Object, java.lang.Object, java.lang.Object, java.lang.Object, java.lang.Object, java.lang.Object, java.lang.Object, java.lang.Object, java.lang.Object, java.lang.Object, java.lang.Object, java.lang.Object, java.lang.Object)'> (0x000000008a42fcb0) 
thrown [s\src\hotspot\share\interpreter\linkResolver.cpp, line 773]
Event: 1.983 Thread 0x0000016bf3489fa0 Exception <a 'java/lang/NoSuchMethodError'{0x000000008a434610}: 'java.lang.Object java.lang.invoke.DelegatingMethodHandle$Holder.reinvoke_L(java.lang.Object, java.lang.Object, java.lang.Object, java.lang.Object, java.lang.Object, java.lang.Object, java.lang.Object, java.lang.Object, java.lang.Object, java.lang.Object, java.lang.Object, java.lang.Object, java.lang.Object, java.lang.Object)'> (0x000000008a434610) 
thrown [s\src\hotspot\share\interpreter\linkResolver.cpp, line 773]
Event: 1.997 Thread 0x0000016bf3489fa0 Exception <a 'java/lang/NoSuchMethodError'{0x000000008a3629c8}: 'java.lang.Object java.lang.invoke.DirectMethodHandle$Holder.newInvokeSpecial(java.lang.Object, java.lang.Object, java.lang.Object, java.lang.Object, java.lang.Object, java.lang.Object, java.lang.Object)'> (0x000000008a3629c8) 
thrown [s\src\hotspot\share\interpreter\linkResolver.cpp, line 773]
Event: 2.004 Thread 0x0000016bf3489fa0 Exception <a 'java/lang/NoSuchMethodError'{0x000000008a3e0810}: 'java.lang.Object java.lang.invoke.DirectMethodHandle$Holder.invokeVirtual(java.lang.Object, java.lang.Object, java.lang.Object, java.lang.Object, java.lang.Object, java.lang.Object, java.lang.Object, java.lang.Object, java.lang.Object, java.lang.Object, java.lang.Object, java.lang.Object, java.lang.Object, java.lang.Object, java.lang.Object, java.lang.Object, java.lang.Object, java.lang.Object, java.lang.Object, java.lang.Object, java.lang.Ob
Event: 2.004 Thread 0x0000016bf3489fa0 Exception <a 'java/lang/NoSuchMethodError'{0x000000008a3e6d28}: 'java.lang.Object java.lang.invoke.DirectMethodHandle$Holder.invokeSpecial(java.lang.Object, java.lang.Object, java.lang.Object, java.lang.Object, java.lang.Object, java.lang.Object, java.lang.Object, java.lang.Object, java.lang.Object, java.lang.Object, java.lang.Object, java.lang.Object, java.lang.Object, java.lang.Object, java.lang.Object, java.lang.Object, java.lang.Object, java.lang.Object, java.lang.Object, java.lang.Object, java.lang.Ob
Event: 2.005 Thread 0x0000016bf3489fa0 Exception <a 'java/lang/NoSuchMethodError'{0x000000008a3ec750}: 'java.lang.Object java.lang.invoke.DelegatingMethodHandle$Holder.reinvoke_L(java.lang.Object, java.lang.Object, java.lang.Object, java.lang.Object, java.lang.Object, java.lang.Object, java.lang.Object, java.lang.Object, java.lang.Object, java.lang.Object, java.lang.Object, java.lang.Object, java.lang.Object, java.lang.Object, java.lang.Object, java.lang.Object, java.lang.Object, java.lang.Object, java.lang.Object, java.lang.Object, java.lang.O
Event: 2.052 Thread 0x0000016bf3489fa0 Exception <a 'java/lang/NoSuchMethodError'{0x0000000089e8c770}: 'java.lang.Object java.lang.invoke.DirectMethodHandle$Holder.invokeSpecial(java.lang.Object, java.lang.Object, java.lang.Object, java.lang.Object, java.lang.Object, java.lang.Object, java.lang.Object, java.lang.Object, java.lang.Object, java.lang.Object, java.lang.Object, java.lang.Object, java.lang.Object, java.lang.Object, java.lang.Object, java.lang.Object, java.lang.Object, java.lang.Object, java.lang.Object, java.lang.Object, java.lang.Ob

ZGC Phase Switch (0 events):
No events

VM Operations (20 events):
Event: 1.076 Executing VM operation: HandshakeAllThreads (Deoptimize)
Event: 1.076 Executing VM operation: HandshakeAllThreads (Deoptimize) done
Event: 1.123 Executing VM operation: ICBufferFull
Event: 1.123 Executing VM operation: ICBufferFull done
Event: 1.139 Executing VM operation: HandshakeAllThreads (Deoptimize)
Event: 1.139 Executing VM operation: HandshakeAllThreads (Deoptimize) done
Event: 1.170 Executing VM operation: HandshakeAllThreads (Deoptimize)
Event: 1.170 Executing VM operation: HandshakeAllThreads (Deoptimize) done
Event: 1.419 Executing VM operation: HandshakeAllThreads (Deoptimize)
Event: 1.419 Executing VM operation: HandshakeAllThreads (Deoptimize) done
Event: 1.425 Executing VM operation: ICBufferFull
Event: 1.425 Executing VM operation: ICBufferFull done
Event: 1.522 Executing VM operation: HandshakeAllThreads (Deoptimize)
Event: 1.522 Executing VM operation: HandshakeAllThreads (Deoptimize) done
Event: 1.847 Executing VM operation: HandshakeAllThreads (Deoptimize)
Event: 1.847 Executing VM operation: HandshakeAllThreads (Deoptimize) done
Event: 1.848 Executing VM operation: HandshakeAllThreads (Deoptimize)
Event: 1.848 Executing VM operation: HandshakeAllThreads (Deoptimize) done
Event: 2.151 Executing VM operation: ICBufferFull
Event: 2.151 Executing VM operation: ICBufferFull done

Memory protections (0 events):
No events

Nmethod flushes (0 events):
No events

Events (20 events):
Event: 0.049 Thread 0x0000016b92ec3a30 Thread added: 0x0000016bac918370
Event: 0.053 Thread 0x0000016bac8f0d90 Thread added: 0x0000016bac9a4f10
Event: 0.053 Thread 0x0000016bac836ad0 Thread added: 0x0000016bac9a5b60
Event: 0.082 Thread 0x0000016b92ec3a30 Thread added: 0x0000016bacb3ba50
Event: 0.176 Thread 0x0000016bac8f0d90 Thread added: 0x0000016bf20270f0
Event: 0.398 Thread 0x0000016bac9a5b60 Thread added: 0x0000016bf2c056d0
Event: 0.991 Thread 0x0000016b92ec3a30 Thread added: 0x0000016bf3a7bc20
Event: 1.123 Thread 0x0000016b92ec3a30 Thread added: 0x0000016bf346b120
Event: 1.157 Thread 0x0000016b92ec3a30 Thread added: 0x0000016bf31ea310
Event: 1.197 Thread 0x0000016bf346b120 Thread added: 0x0000016bf38b7b40
Event: 1.199 Thread 0x0000016bf38b7b40 Thread added: 0x0000016bf38b81a0
Event: 1.247 Thread 0x0000016bf38b7b40 Thread added: 0x0000016bf34140f0
Event: 1.251 Thread 0x0000016bf38b7b40 Thread added: 0x0000016bf3489fa0
Event: 1.259 Thread 0x0000016bf3489fa0 Thread added: 0x0000016bf348a600
Event: 1.261 Thread 0x0000016bf3489fa0 Thread added: 0x0000016bf33a0c50
Event: 1.264 Thread 0x0000016bf3489fa0 Thread added: 0x0000016bf339ff30
Event: 1.522 Thread 0x0000016bf3489fa0 Thread added: 0x0000016bf33a05c0
Event: 1.530 Thread 0x0000016bf3489fa0 Thread added: 0x0000016bf339f8a0
Event: 1.686 Thread 0x0000016bf20270f0 Thread exited: 0x0000016bf20270f0
Event: 1.703 Thread 0x0000016bf3489fa0 Thread added: 0x0000016bf339f210


Dynamic libraries:
0x00007ff7ea760000 - 0x00007ff7ea76e000 	C:\Users\jin_m\.cursor\extensions\redhat.java-1.41.1-win32-x64\jre\21.0.6-win32-x86_64\bin\java.exe
0x00007ffc2b4b0000 - 0x00007ffc2b6c7000 	C:\windows\SYSTEM32\ntdll.dll
0x00007ffc2ab60000 - 0x00007ffc2ac24000 	C:\windows\System32\KERNEL32.DLL
0x00007ffc285c0000 - 0x00007ffc28993000 	C:\windows\System32\KERNELBASE.dll
0x00007ffc28a20000 - 0x00007ffc28b31000 	C:\windows\System32\ucrtbase.dll
0x00007ffbf31e0000 - 0x00007ffbf31fe000 	C:\Users\jin_m\.cursor\extensions\redhat.java-1.41.1-win32-x64\jre\21.0.6-win32-x86_64\bin\VCRUNTIME140.dll
0x00007ffbfe760000 - 0x00007ffbfe778000 	C:\Users\jin_m\.cursor\extensions\redhat.java-1.41.1-win32-x64\jre\21.0.6-win32-x86_64\bin\jli.dll
0x00007ffc2aca0000 - 0x00007ffc2ae51000 	C:\windows\System32\USER32.dll
0x00007ffc28b40000 - 0x00007ffc28b66000 	C:\windows\System32\win32u.dll
0x00007ffc2a970000 - 0x00007ffc2a999000 	C:\windows\System32\GDI32.dll
0x00007ffc278f0000 - 0x00007ffc27b88000 	C:\windows\WinSxS\amd64_microsoft.windows.common-controls_6595b64144ccf1df_6.0.22621.5124_none_270e8f4f7386d69d\COMCTL32.dll
0x00007ffc28ce0000 - 0x00007ffc28dfb000 	C:\windows\System32\gdi32full.dll
0x00007ffc290b0000 - 0x00007ffc2914a000 	C:\windows\System32\msvcp_win.dll
0x00007ffc29c10000 - 0x00007ffc29cb7000 	C:\windows\System32\msvcrt.dll
0x00007ffc29530000 - 0x00007ffc29561000 	C:\windows\System32\IMM32.DLL
0x00007ffc03b80000 - 0x00007ffc03b8c000 	C:\Users\jin_m\.cursor\extensions\redhat.java-1.41.1-win32-x64\jre\21.0.6-win32-x86_64\bin\vcruntime140_1.dll
0x00007ffbc1020000 - 0x00007ffbc10ad000 	C:\Users\jin_m\.cursor\extensions\redhat.java-1.41.1-win32-x64\jre\21.0.6-win32-x86_64\bin\msvcp140.dll
0x00007ffb1d470000 - 0x00007ffb1e200000 	C:\Users\jin_m\.cursor\extensions\redhat.java-1.41.1-win32-x64\jre\21.0.6-win32-x86_64\bin\server\jvm.dll
0x00007ffc29d20000 - 0x00007ffc29dd1000 	C:\windows\System32\ADVAPI32.dll
0x00007ffc29df0000 - 0x00007ffc29e98000 	C:\windows\System32\sechost.dll
0x00007ffc28f40000 - 0x00007ffc28f68000 	C:\windows\System32\bcrypt.dll
0x00007ffc29ea0000 - 0x00007ffc29fb4000 	C:\windows\System32\RPCRT4.dll
0x00007ffc2b200000 - 0x00007ffc2b271000 	C:\windows\System32\WS2_32.dll
0x00007ffc27ed0000 - 0x00007ffc27f1d000 	C:\windows\SYSTEM32\POWRPROF.dll
0x00007ffc21b90000 - 0x00007ffc21bc4000 	C:\windows\SYSTEM32\WINMM.dll
0x00007ffc1ebe0000 - 0x00007ffc1ebea000 	C:\windows\SYSTEM32\VERSION.dll
0x00007ffc27d80000 - 0x00007ffc27d93000 	C:\windows\SYSTEM32\UMPDC.dll
0x00007ffc26d90000 - 0x00007ffc26da8000 	C:\windows\SYSTEM32\kernel.appcore.dll
0x00007ffc02580000 - 0x00007ffc0258a000 	C:\Users\jin_m\.cursor\extensions\redhat.java-1.41.1-win32-x64\jre\21.0.6-win32-x86_64\bin\jimage.dll
0x00007ffc27f20000 - 0x00007ffc28152000 	C:\windows\SYSTEM32\DBGHELP.DLL
0x00007ffc2ae60000 - 0x00007ffc2b1f2000 	C:\windows\System32\combase.dll
0x00007ffc2b390000 - 0x00007ffc2b467000 	C:\windows\System32\OLEAUT32.dll
0x00007ffc27da0000 - 0x00007ffc27dd2000 	C:\windows\SYSTEM32\dbgcore.DLL
0x00007ffc289a0000 - 0x00007ffc28a1b000 	C:\windows\System32\bcryptPrimitives.dll
0x00007ffc01250000 - 0x00007ffc0125f000 	C:\Users\jin_m\.cursor\extensions\redhat.java-1.41.1-win32-x64\jre\21.0.6-win32-x86_64\bin\instrument.dll
0x00007ffbde4f0000 - 0x00007ffbde50f000 	C:\Users\jin_m\.cursor\extensions\redhat.java-1.41.1-win32-x64\jre\21.0.6-win32-x86_64\bin\java.dll
0x00007ffc2a050000 - 0x00007ffc2a8e6000 	C:\windows\System32\SHELL32.dll
0x00007ffc28f70000 - 0x00007ffc290af000 	C:\windows\System32\wintypes.dll
0x00007ffc25ae0000 - 0x00007ffc263fa000 	C:\windows\SYSTEM32\windows.storage.dll
0x00007ffc2aa50000 - 0x00007ffc2ab5a000 	C:\windows\System32\SHCORE.dll
0x00007ffc299f0000 - 0x00007ffc29a53000 	C:\windows\System32\shlwapi.dll
0x00007ffc284f0000 - 0x00007ffc2851b000 	C:\windows\SYSTEM32\profapi.dll
0x00007ffbde4d0000 - 0x00007ffbde4e8000 	C:\Users\jin_m\.cursor\extensions\redhat.java-1.41.1-win32-x64\jre\21.0.6-win32-x86_64\bin\zip.dll
0x00007ffbffb20000 - 0x00007ffbffb30000 	C:\Users\jin_m\.cursor\extensions\redhat.java-1.41.1-win32-x64\jre\21.0.6-win32-x86_64\bin\net.dll
0x00007ffc22a00000 - 0x00007ffc22b2c000 	C:\windows\SYSTEM32\WINHTTP.dll
0x00007ffc271d0000 - 0x00007ffc2723a000 	C:\windows\system32\mswsock.dll
0x00007ffbda9a0000 - 0x00007ffbda9b6000 	C:\Users\jin_m\.cursor\extensions\redhat.java-1.41.1-win32-x64\jre\21.0.6-win32-x86_64\bin\nio.dll
0x00007ffbff760000 - 0x00007ffbff770000 	C:\Users\jin_m\.cursor\extensions\redhat.java-1.41.1-win32-x64\jre\21.0.6-win32-x86_64\bin\verify.dll
0x00007ffc09e40000 - 0x00007ffc09e67000 	C:\Users\jin_m\.gradle\native\c067742578af261105cb4f569cf0c3c89f3d7b1fecec35dd04571415982c5e48\windows-amd64\native-platform.dll
0x00007ffbd2260000 - 0x00007ffbd23a4000 	C:\Users\jin_m\.gradle\native\38dada09dfb8b06ba9b0570ebf7e218e3eb74d4ef43ca46872605cf95ebc2f47\windows-amd64\native-platform-file-events.dll
0x00007ffbfea30000 - 0x00007ffbfea3a000 	C:\Users\jin_m\.cursor\extensions\redhat.java-1.41.1-win32-x64\jre\21.0.6-win32-x86_64\bin\management.dll
0x00007ffbfe7c0000 - 0x00007ffbfe7cb000 	C:\Users\jin_m\.cursor\extensions\redhat.java-1.41.1-win32-x64\jre\21.0.6-win32-x86_64\bin\management_ext.dll
0x00007ffc29340000 - 0x00007ffc29348000 	C:\windows\System32\PSAPI.DLL
0x00007ffc28260000 - 0x00007ffc2827b000 	C:\windows\SYSTEM32\CRYPTSP.dll
0x00007ffc274b0000 - 0x00007ffc274e7000 	C:\windows\system32\rsaenh.dll
0x00007ffc272c0000 - 0x00007ffc272e8000 	C:\windows\SYSTEM32\USERENV.dll
0x00007ffc27450000 - 0x00007ffc2745c000 	C:\windows\SYSTEM32\CRYPTBASE.dll
0x00007ffc26880000 - 0x00007ffc268ad000 	C:\windows\SYSTEM32\IPHLPAPI.DLL
0x00007ffc29cc0000 - 0x00007ffc29cc9000 	C:\windows\System32\NSI.dll
0x00007ffbfd500000 - 0x00007ffbfd509000 	C:\Users\jin_m\.cursor\extensions\redhat.java-1.41.1-win32-x64\jre\21.0.6-win32-x86_64\bin\extnet.dll
0x00007ffbfded0000 - 0x00007ffbfdede000 	C:\Users\jin_m\.cursor\extensions\redhat.java-1.41.1-win32-x64\jre\21.0.6-win32-x86_64\bin\sunmscapi.dll
0x00007ffc28b70000 - 0x00007ffc28cd7000 	C:\windows\System32\CRYPT32.dll
0x00007ffc277d0000 - 0x00007ffc277fd000 	C:\windows\SYSTEM32\ncrypt.dll
0x00007ffc27790000 - 0x00007ffc277c7000 	C:\windows\SYSTEM32\NTASN1.dll
0x00007ffc27df0000 - 0x00007ffc27df8000 	C:\windows\system32\wshunix.dll

dbghelp: loaded successfully - version: 4.0.5 - missing functions: none
symbol engine: initialized successfully - sym options: 0x614 - pdb path: .;C:\Users\jin_m\.cursor\extensions\redhat.java-1.41.1-win32-x64\jre\21.0.6-win32-x86_64\bin;C:\windows\SYSTEM32;C:\windows\WinSxS\amd64_microsoft.windows.common-controls_6595b64144ccf1df_6.0.22621.5124_none_270e8f4f7386d69d;C:\Users\jin_m\.cursor\extensions\redhat.java-1.41.1-win32-x64\jre\21.0.6-win32-x86_64\bin\server;C:\Users\jin_m\.gradle\native\c067742578af261105cb4f569cf0c3c89f3d7b1fecec35dd04571415982c5e48\windows-amd64;C:\Users\jin_m\.gradle\native\38dada09dfb8b06ba9b0570ebf7e218e3eb74d4ef43ca46872605cf95ebc2f47\windows-amd64

VM Arguments:
jvm_args: --add-opens=java.base/java.util=ALL-UNNAMED --add-opens=java.base/java.lang=ALL-UNNAMED --add-opens=java.base/java.lang.invoke=ALL-UNNAMED --add-opens=java.prefs/java.util.prefs=ALL-UNNAMED --add-opens=java.base/java.nio.charset=ALL-UNNAMED --add-opens=java.base/java.net=ALL-UNNAMED --add-opens=java.base/java.util.concurrent.atomic=ALL-UNNAMED -Xmx2048m -Dfile.encoding=UTF-8 -Duser.country=CN -Duser.language=zh -Duser.variant -javaagent:C:\Users\jin_m\.gradle\wrapper\dists\gradle-8.7-bin\bhs2wmbdwecv87pi65oeuq5iu\gradle-8.7\lib\agents\gradle-instrumentation-agent-8.7.jar 
java_command: org.gradle.launcher.daemon.bootstrap.GradleDaemon 8.7
java_class_path (initial): C:\Users\jin_m\.gradle\wrapper\dists\gradle-8.7-bin\bhs2wmbdwecv87pi65oeuq5iu\gradle-8.7\lib\gradle-launcher-8.7.jar
Launcher Type: SUN_STANDARD

[Global flags]
     intx CICompilerCount                          = 15                                        {product} {ergonomic}
     uint ConcGCThreads                            = 6                                         {product} {ergonomic}
     uint G1ConcRefinementThreads                  = 23                                        {product} {ergonomic}
   size_t G1HeapRegionSize                         = 1048576                                   {product} {ergonomic}
    uintx GCDrainStackTargetSize                   = 64                                        {product} {ergonomic}
   size_t InitialHeapSize                          = 264241152                                 {product} {ergonomic}
   size_t MarkStackSize                            = 4194304                                   {product} {ergonomic}
   size_t MaxHeapSize                              = 2147483648                                {product} {command line}
   size_t MaxNewSize                               = 1287651328                                {product} {ergonomic}
   size_t MinHeapDeltaBytes                        = 1048576                                   {product} {ergonomic}
   size_t MinHeapSize                              = 8388608                                   {product} {ergonomic}
    uintx NonNMethodCodeHeapSize                   = 8192380                                {pd product} {ergonomic}
    uintx NonProfiledCodeHeapSize                  = 121732930                              {pd product} {ergonomic}
    uintx ProfiledCodeHeapSize                     = 121732930                              {pd product} {ergonomic}
    uintx ReservedCodeCacheSize                    = 251658240                              {pd product} {ergonomic}
     bool SegmentedCodeCache                       = true                                      {product} {ergonomic}
   size_t SoftMaxHeapSize                          = 2147483648                             {manageable} {ergonomic}
     bool UseCompressedOops                        = true                           {product lp64_product} {ergonomic}
     bool UseG1GC                                  = true                                      {product} {ergonomic}
     bool UseLargePagesIndividualAllocation        = false                                  {pd product} {ergonomic}

Logging:
Log output configuration:
 #0: stdout all=warning uptime,level,tags foldmultilines=false
 #1: stderr all=off uptime,level,tags foldmultilines=false

Environment Variables:
PATH=G:\vmware17\bin\;D:\cuda\bin;D:\cuda\libnvvp;C:\Python312\Scripts\;C:\Python312\;C:\windows\system32;C:\windows;C:\windows\System32\Wbem;C:\windows\System32\WindowsPowerShell\v1.0\;C:\windows\System32\OpenSSH\;C:\Program Files (x86)\NVIDIA Corporation\PhysX\Common;C:\Program Files\NVIDIA Corporation\NVIDIA NvDLISR;C:\Users\Administrator\AppData\Local\Microsoft\WindowsApps;C:\Program Files\HP\OMEN-Broadcast\Common;E:\matlab2023\runtime\win64;E:\matlab2023\bin;E:\matlab2020\runtime\win64;E:\matlab2020\bin;E:\matlab2020\polyspace\bin;E:\latex1\texlive\2023\bin\windows;C:\Program Files\Microsoft SQL Server\150\Tools\Binn\;C:\Program Files\MySQL\MySQL Server 8.0\bin;D:\wingw\mingw64\bin;C:\Program Files (x86)\Windows Kits\10\Windows Performance Toolkit\;E:\\web\dll;C:\Program;Files\Docker\Docker\resources\bin;C:\Program Files\dotnet\;D:\node\;C:\ProgramData\chocolatey\bin;D:\git\Git\cmd;C:\Program Files\Bandizip\;D:\Cmake\bin;D:\sw;C:\Program Files\NVIDIA Corporation\Nsight Compute 2022.3.0\;E:\java22\openjdk-22.0.1_windows-x64_bin\jdk-22.0.1\bin;C:\Program Files\CorpLink\current\module\mdm\x64\policy\bin;c:\Users\jin_m\AppData\Local\Programs\cursor\resources\app\bin;C:\Program Files\MySQL\MySQL Shell 8.0\bin\;E:\python\Scripts\;E:\python\;C:\Users\jin_m\AppData\Local\Microsoft\WindowsApps;E:\vscode\Microsoft VS Code\bin;F:\qqgame\Hall.57986\;C:\Users\jin_m\anaconda3\Scripts;D:\opencv\build\x64\vc15\bin;C:\Users\jin_m\AppData\Roaming\npm;D:\Cmake\bin;C:\Program Files\Tesseract-OCR;D:\sw;C:\src\vcpkg\vcpkg;C:\src\vcpkg\vcpkg\buildtrees\tesseract\x64-windows-rel\bin;D:\Tesseract\tessdata;
USERNAME=jin_m
OS=Windows_NT
PROCESSOR_IDENTIFIER=Intel64 Family 6 Model 183 Stepping 1, GenuineIntel
TMP=C:\Users\jin_m\AppData\Local\Temp
TEMP=C:\Users\jin_m\AppData\Local\Temp




Periodic native trim disabled

---------------  S Y S T E M  ---------------

OS:
 Windows 11 , 64 bit Build 22621 (10.0.22621.5124)
OS uptime: 5 days 15:02 hours

CPU: total 32 (initial active 32) (16 cores per cpu, 2 threads per core) family 6 model 183 stepping 1 microcode 0x129, cx8, cmov, fxsr, ht, mmx, 3dnowpref, sse, sse2, sse3, ssse3, sse4.1, sse4.2, popcnt, lzcnt, tsc, tscinvbit, avx, avx2, aes, erms, clmul, bmi1, bmi2, adx, sha, fma, vzeroupper, clflush, clflushopt, clwb, serialize, rdtscp, rdpid, fsrm, f16c, pku, cet_ibt, cet_ss
Processor Information for the first 32 processors :
  Max Mhz: 2200, Current Mhz: 2200, Mhz Limit: 2200

Memory: 4k page, system-wide physical 16077M (246M free)
TotalPageFile size 58296M (AvailPageFile size 4M)
current process WorkingSet (physical memory assigned to process): 231M, peak: 231M
current process commit charge ("private bytes"): 446M, peak: 447M

vm_info: OpenJDK 64-Bit Server VM (21.0.6+7-LTS) for windows-amd64 JRE (21.0.6+7-LTS), built on 2025-01-21T00:00:00Z by "admin" with MS VC++ 17.7 (VS2022)

END.
